-------------------------------------------------------------------------------
Test set: polsl.pl.Testing
-------------------------------------------------------------------------------
Tests run: 6, Failures: 0, Errors: 6, Skipped: 0, Time elapsed: 2.028 sec <<< FAILURE!
removing(polsl.pl.Testing)  Time elapsed: 0.895 sec  <<< ERROR!
javax.ejb.EJBException: The bean encountered a non-application exception; nested exception is: 
	<openjpa-2.4.0-r422266:1674604 fatal general error> org.apache.openjpa.persistence.PersistenceException: null
	at org.apache.openejb.core.ivm.BaseEjbProxyHandler.convertException(BaseEjbProxyHandler.java:427)
	at org.apache.openejb.core.ivm.BaseEjbProxyHandler.invoke(BaseEjbProxyHandler.java:329)
	at report.crud.OwnerBean$$LocalBeanProxy.readingOwnerAll(report/crud/OwnerBean.java)
	at polsl.pl.Testing.before(Testing.java:83)
	at sun.reflect.NativeMethodAccessorImpl.invoke0(Native Method)
	at sun.reflect.NativeMethodAccessorImpl.invoke(NativeMethodAccessorImpl.java:62)
	at sun.reflect.DelegatingMethodAccessorImpl.invoke(DelegatingMethodAccessorImpl.java:43)
	at java.lang.reflect.Method.invoke(Method.java:498)
	at org.junit.runners.model.FrameworkMethod$1.runReflectiveCall(FrameworkMethod.java:50)
	at org.junit.internal.runners.model.ReflectiveCallable.run(ReflectiveCallable.java:12)
	at org.junit.runners.model.FrameworkMethod.invokeExplosively(FrameworkMethod.java:47)
	at org.junit.internal.runners.statements.RunBefores.evaluate(RunBefores.java:24)
	at org.junit.internal.runners.statements.RunAfters.evaluate(RunAfters.java:27)
	at org.junit.runners.ParentRunner.runLeaf(ParentRunner.java:325)
	at org.junit.runners.BlockJUnit4ClassRunner.runChild(BlockJUnit4ClassRunner.java:78)
	at org.junit.runners.BlockJUnit4ClassRunner.runChild(BlockJUnit4ClassRunner.java:57)
	at org.junit.runners.ParentRunner$3.run(ParentRunner.java:290)
	at org.junit.runners.ParentRunner$1.schedule(ParentRunner.java:71)
	at org.junit.runners.ParentRunner.runChildren(ParentRunner.java:288)
	at org.junit.runners.ParentRunner.access$000(ParentRunner.java:58)
	at org.junit.runners.ParentRunner$2.evaluate(ParentRunner.java:268)
	at org.junit.internal.runners.statements.RunBefores.evaluate(RunBefores.java:26)
	at org.junit.runners.ParentRunner.run(ParentRunner.java:363)
	at org.apache.maven.surefire.junit4.JUnit4TestSet.execute(JUnit4TestSet.java:53)
	at org.apache.maven.surefire.junit4.JUnit4Provider.executeTestSet(JUnit4Provider.java:123)
	at org.apache.maven.surefire.junit4.JUnit4Provider.invoke(JUnit4Provider.java:104)
	at sun.reflect.NativeMethodAccessorImpl.invoke0(Native Method)
	at sun.reflect.NativeMethodAccessorImpl.invoke(NativeMethodAccessorImpl.java:62)
	at sun.reflect.DelegatingMethodAccessorImpl.invoke(DelegatingMethodAccessorImpl.java:43)
	at java.lang.reflect.Method.invoke(Method.java:498)
	at org.apache.maven.surefire.util.ReflectionUtils.invokeMethodWithArray(ReflectionUtils.java:164)
	at org.apache.maven.surefire.booter.ProviderFactory$ProviderProxy.invoke(ProviderFactory.java:110)
	at org.apache.maven.surefire.booter.SurefireStarter.invokeProvider(SurefireStarter.java:175)
	at org.apache.maven.surefire.booter.SurefireStarter.runSuitesInProcessWhenForked(SurefireStarter.java:107)
	at org.apache.maven.surefire.booter.ForkedBooter.main(ForkedBooter.java:68)
Caused by: <openjpa-2.4.0-r422266:1674604 fatal general error> org.apache.openjpa.persistence.PersistenceException: null
	at org.apache.openjpa.enhance.ClassRedefiner.redefineClasses(ClassRedefiner.java:96)
	at org.apache.openjpa.enhance.ManagedClassSubclasser.prepareUnenhancedClasses(ManagedClassSubclasser.java:176)
	at org.apache.openjpa.kernel.AbstractBrokerFactory.loadPersistentTypes(AbstractBrokerFactory.java:311)
	at org.apache.openjpa.kernel.AbstractBrokerFactory.initializeBroker(AbstractBrokerFactory.java:235)
	at org.apache.openjpa.kernel.AbstractBrokerFactory.newBroker(AbstractBrokerFactory.java:211)
	at org.apache.openjpa.kernel.DelegatingBrokerFactory.newBroker(DelegatingBrokerFactory.java:154)
	at org.apache.openjpa.persistence.EntityManagerFactoryImpl.createEntityManager(EntityManagerFactoryImpl.java:226)
	at org.apache.openjpa.persistence.EntityManagerFactoryImpl.createEntityManager(EntityManagerFactoryImpl.java:59)
	at org.apache.openejb.assembler.classic.ReloadableEntityManagerFactory.createEntityManager(ReloadableEntityManagerFactory.java:160)
	at org.apache.openejb.persistence.JtaEntityManagerRegistry.getEntityManager(JtaEntityManagerRegistry.java:119)
	at org.apache.openejb.persistence.JtaEntityManager.getEntityManager(JtaEntityManager.java:101)
	at org.apache.openejb.persistence.JtaEntityManager.proxyIfNoTx(JtaEntityManager.java:331)
	at org.apache.openejb.persistence.JtaEntityManager.createNamedQuery(JtaEntityManager.java:294)
	at report.crud.OwnerBean.readingOwnerAll(OwnerBean.java:107)
	at sun.reflect.NativeMethodAccessorImpl.invoke0(Native Method)
	at sun.reflect.NativeMethodAccessorImpl.invoke(NativeMethodAccessorImpl.java:62)
	at sun.reflect.DelegatingMethodAccessorImpl.invoke(DelegatingMethodAccessorImpl.java:43)
	at java.lang.reflect.Method.invoke(Method.java:498)
	at org.apache.openejb.core.interceptor.ReflectionInvocationContext$Invocation.invoke(ReflectionInvocationContext.java:192)
	at org.apache.openejb.core.interceptor.ReflectionInvocationContext.proceed(ReflectionInvocationContext.java:173)
	at org.apache.openejb.monitoring.StatsInterceptor.record(StatsInterceptor.java:181)
	at org.apache.openejb.monitoring.StatsInterceptor.invoke(StatsInterceptor.java:100)
	at sun.reflect.NativeMethodAccessorImpl.invoke0(Native Method)
	at sun.reflect.NativeMethodAccessorImpl.invoke(NativeMethodAccessorImpl.java:62)
	at sun.reflect.DelegatingMethodAccessorImpl.invoke(DelegatingMethodAccessorImpl.java:43)
	at java.lang.reflect.Method.invoke(Method.java:498)
	at org.apache.openejb.core.interceptor.ReflectionInvocationContext$Invocation.invoke(ReflectionInvocationContext.java:192)
	at org.apache.openejb.core.interceptor.ReflectionInvocationContext.proceed(ReflectionInvocationContext.java:173)
	at org.apache.openejb.core.interceptor.InterceptorStack.invoke(InterceptorStack.java:85)
	at org.apache.openejb.core.stateless.StatelessContainer._invoke(StatelessContainer.java:227)
	at org.apache.openejb.core.stateless.StatelessContainer.invoke(StatelessContainer.java:194)
	at org.apache.openejb.core.ivm.EjbObjectProxyHandler.synchronizedBusinessMethod(EjbObjectProxyHandler.java:317)
	at org.apache.openejb.core.ivm.EjbObjectProxyHandler.businessMethod(EjbObjectProxyHandler.java:312)
	at org.apache.openejb.core.ivm.EjbObjectProxyHandler._invoke(EjbObjectProxyHandler.java:92)
	at org.apache.openejb.core.ivm.BaseEjbProxyHandler.invoke(BaseEjbProxyHandler.java:325)
	... 33 more
Caused by: java.lang.reflect.InvocationTargetException
	at sun.reflect.NativeMethodAccessorImpl.invoke0(Native Method)
	at sun.reflect.NativeMethodAccessorImpl.invoke(NativeMethodAccessorImpl.java:62)
	at sun.reflect.DelegatingMethodAccessorImpl.invoke(DelegatingMethodAccessorImpl.java:43)
	at java.lang.reflect.Method.invoke(Method.java:498)
	at org.apache.openjpa.enhance.ClassRedefiner.redefineClasses(ClassRedefiner.java:85)
	... 67 more
Caused by: java.lang.VerifyError
	at sun.instrument.InstrumentationImpl.retransformClasses0(Native Method)
	at sun.instrument.InstrumentationImpl.retransformClasses(InstrumentationImpl.java:144)
	... 72 more
removing(polsl.pl.Testing)  Time elapsed: 0.896 sec  <<< ERROR!
javax.ejb.EJBException: The bean encountered a non-application exception; nested exception is: 
	<openjpa-2.4.0-r422266:1674604 fatal general error> org.apache.openjpa.persistence.PersistenceException: Table 'lab.owner' doesn't exist {prepstmnt 1181567472 SELECT t0.onwerID, t0.birthDate, t0.gender, t0.ownerName FROM owner t0} [code=1146, state=42S02]
FailedObject: SELECT s FROM Owner s [java.lang.String]
	at org.apache.openejb.core.ivm.BaseEjbProxyHandler.convertException(BaseEjbProxyHandler.java:427)
	at org.apache.openejb.core.ivm.BaseEjbProxyHandler.invoke(BaseEjbProxyHandler.java:329)
	at report.crud.OwnerBean$$LocalBeanProxy.readingOwnerAll(report/crud/OwnerBean.java)
	at polsl.pl.Testing.after(Testing.java:150)
	at sun.reflect.NativeMethodAccessorImpl.invoke0(Native Method)
	at sun.reflect.NativeMethodAccessorImpl.invoke(NativeMethodAccessorImpl.java:62)
	at sun.reflect.DelegatingMethodAccessorImpl.invoke(DelegatingMethodAccessorImpl.java:43)
	at java.lang.reflect.Method.invoke(Method.java:498)
	at org.junit.runners.model.FrameworkMethod$1.runReflectiveCall(FrameworkMethod.java:50)
	at org.junit.internal.runners.model.ReflectiveCallable.run(ReflectiveCallable.java:12)
	at org.junit.runners.model.FrameworkMethod.invokeExplosively(FrameworkMethod.java:47)
	at org.junit.internal.runners.statements.RunAfters.evaluate(RunAfters.java:33)
	at org.junit.runners.ParentRunner.runLeaf(ParentRunner.java:325)
	at org.junit.runners.BlockJUnit4ClassRunner.runChild(BlockJUnit4ClassRunner.java:78)
	at org.junit.runners.BlockJUnit4ClassRunner.runChild(BlockJUnit4ClassRunner.java:57)
	at org.junit.runners.ParentRunner$3.run(ParentRunner.java:290)
	at org.junit.runners.ParentRunner$1.schedule(ParentRunner.java:71)
	at org.junit.runners.ParentRunner.runChildren(ParentRunner.java:288)
	at org.junit.runners.ParentRunner.access$000(ParentRunner.java:58)
	at org.junit.runners.ParentRunner$2.evaluate(ParentRunner.java:268)
	at org.junit.internal.runners.statements.RunBefores.evaluate(RunBefores.java:26)
	at org.junit.runners.ParentRunner.run(ParentRunner.java:363)
	at org.apache.maven.surefire.junit4.JUnit4TestSet.execute(JUnit4TestSet.java:53)
	at org.apache.maven.surefire.junit4.JUnit4Provider.executeTestSet(JUnit4Provider.java:123)
	at org.apache.maven.surefire.junit4.JUnit4Provider.invoke(JUnit4Provider.java:104)
	at sun.reflect.NativeMethodAccessorImpl.invoke0(Native Method)
	at sun.reflect.NativeMethodAccessorImpl.invoke(NativeMethodAccessorImpl.java:62)
	at sun.reflect.DelegatingMethodAccessorImpl.invoke(DelegatingMethodAccessorImpl.java:43)
	at java.lang.reflect.Method.invoke(Method.java:498)
	at org.apache.maven.surefire.util.ReflectionUtils.invokeMethodWithArray(ReflectionUtils.java:164)
	at org.apache.maven.surefire.booter.ProviderFactory$ProviderProxy.invoke(ProviderFactory.java:110)
	at org.apache.maven.surefire.booter.SurefireStarter.invokeProvider(SurefireStarter.java:175)
	at org.apache.maven.surefire.booter.SurefireStarter.runSuitesInProcessWhenForked(SurefireStarter.java:107)
	at org.apache.maven.surefire.booter.ForkedBooter.main(ForkedBooter.java:68)
Caused by: <openjpa-2.4.0-r422266:1674604 fatal general error> org.apache.openjpa.persistence.PersistenceException: Table 'lab.owner' doesn't exist {prepstmnt 1181567472 SELECT t0.onwerID, t0.birthDate, t0.gender, t0.ownerName FROM owner t0} [code=1146, state=42S02]
FailedObject: SELECT s FROM Owner s [java.lang.String]
	at org.apache.openjpa.jdbc.sql.DBDictionary.narrow(DBDictionary.java:5001)
	at org.apache.openjpa.jdbc.sql.DBDictionary.newStoreException(DBDictionary.java:4961)
	at org.apache.openjpa.jdbc.sql.SQLExceptions.getStore(SQLExceptions.java:133)
	at org.apache.openjpa.jdbc.sql.SQLExceptions.getStore(SQLExceptions.java:115)
	at org.apache.openjpa.jdbc.sql.SQLExceptions.getStore(SQLExceptions.java:67)
	at org.apache.openjpa.jdbc.kernel.SelectResultObjectProvider.handleCheckedException(SelectResultObjectProvider.java:154)
	at org.apache.openjpa.lib.rop.EagerResultList.<init>(EagerResultList.java:39)
	at org.apache.openjpa.kernel.QueryImpl.toResult(QueryImpl.java:1250)
	at org.apache.openjpa.kernel.QueryImpl.execute(QueryImpl.java:1006)
	at org.apache.openjpa.kernel.QueryImpl.execute(QueryImpl.java:862)
	at org.apache.openjpa.kernel.QueryImpl.execute(QueryImpl.java:793)
	at org.apache.openjpa.kernel.DelegatingQuery.execute(DelegatingQuery.java:541)
	at org.apache.openjpa.persistence.QueryImpl.execute(QueryImpl.java:274)
	at org.apache.openjpa.persistence.QueryImpl.getResultList(QueryImpl.java:290)
	at report.crud.OwnerBean.readingOwnerAll(OwnerBean.java:107)
	at sun.reflect.NativeMethodAccessorImpl.invoke0(Native Method)
	at sun.reflect.NativeMethodAccessorImpl.invoke(NativeMethodAccessorImpl.java:62)
	at sun.reflect.DelegatingMethodAccessorImpl.invoke(DelegatingMethodAccessorImpl.java:43)
	at java.lang.reflect.Method.invoke(Method.java:498)
	at org.apache.openejb.core.interceptor.ReflectionInvocationContext$Invocation.invoke(ReflectionInvocationContext.java:192)
	at org.apache.openejb.core.interceptor.ReflectionInvocationContext.proceed(ReflectionInvocationContext.java:173)
	at org.apache.openejb.monitoring.StatsInterceptor.record(StatsInterceptor.java:181)
	at org.apache.openejb.monitoring.StatsInterceptor.invoke(StatsInterceptor.java:100)
	at sun.reflect.NativeMethodAccessorImpl.invoke0(Native Method)
	at sun.reflect.NativeMethodAccessorImpl.invoke(NativeMethodAccessorImpl.java:62)
	at sun.reflect.DelegatingMethodAccessorImpl.invoke(DelegatingMethodAccessorImpl.java:43)
	at java.lang.reflect.Method.invoke(Method.java:498)
	at org.apache.openejb.core.interceptor.ReflectionInvocationContext$Invocation.invoke(ReflectionInvocationContext.java:192)
	at org.apache.openejb.core.interceptor.ReflectionInvocationContext.proceed(ReflectionInvocationContext.java:173)
	at org.apache.openejb.core.interceptor.InterceptorStack.invoke(InterceptorStack.java:85)
	at org.apache.openejb.core.stateless.StatelessContainer._invoke(StatelessContainer.java:227)
	at org.apache.openejb.core.stateless.StatelessContainer.invoke(StatelessContainer.java:194)
	at org.apache.openejb.core.ivm.EjbObjectProxyHandler.synchronizedBusinessMethod(EjbObjectProxyHandler.java:317)
	at org.apache.openejb.core.ivm.EjbObjectProxyHandler.businessMethod(EjbObjectProxyHandler.java:312)
	at org.apache.openejb.core.ivm.EjbObjectProxyHandler._invoke(EjbObjectProxyHandler.java:92)
	at org.apache.openejb.core.ivm.BaseEjbProxyHandler.invoke(BaseEjbProxyHandler.java:325)
	... 32 more
Caused by: org.apache.openjpa.lib.jdbc.ReportingSQLException: Table 'lab.owner' doesn't exist {prepstmnt 1181567472 SELECT t0.onwerID, t0.birthDate, t0.gender, t0.ownerName FROM owner t0} [code=1146, state=42S02]
	at org.apache.openjpa.lib.jdbc.LoggingConnectionDecorator.wrap(LoggingConnectionDecorator.java:218)
	at org.apache.openjpa.lib.jdbc.LoggingConnectionDecorator.wrap(LoggingConnectionDecorator.java:202)
	at org.apache.openjpa.lib.jdbc.LoggingConnectionDecorator.access$700(LoggingConnectionDecorator.java:58)
	at org.apache.openjpa.lib.jdbc.LoggingConnectionDecorator$LoggingConnection$LoggingPreparedStatement.executeQuery(LoggingConnectionDecorator.java:1117)
	at org.apache.openjpa.lib.jdbc.DelegatingPreparedStatement.executeQuery(DelegatingPreparedStatement.java:268)
	at org.apache.openjpa.jdbc.kernel.JDBCStoreManager$CancelPreparedStatement.executeQuery(JDBCStoreManager.java:1800)
	at org.apache.openjpa.lib.jdbc.DelegatingPreparedStatement.executeQuery(DelegatingPreparedStatement.java:258)
	at org.apache.openjpa.jdbc.sql.SelectImpl.executeQuery(SelectImpl.java:500)
	at org.apache.openjpa.jdbc.sql.SelectImpl.execute(SelectImpl.java:425)
	at org.apache.openjpa.jdbc.sql.SelectImpl.execute(SelectImpl.java:392)
	at org.apache.openjpa.jdbc.sql.LogicalUnion$UnionSelect.execute(LogicalUnion.java:427)
	at org.apache.openjpa.jdbc.sql.LogicalUnion.execute(LogicalUnion.java:230)
	at org.apache.openjpa.jdbc.sql.LogicalUnion.execute(LogicalUnion.java:220)
	at org.apache.openjpa.jdbc.kernel.SelectResultObjectProvider.open(SelectResultObjectProvider.java:93)
	at org.apache.openjpa.lib.rop.EagerResultList.<init>(EagerResultList.java:33)
	... 61 more
reading(polsl.pl.Testing)  Time elapsed: 0.028 sec  <<< ERROR!
javax.ejb.EJBException: The bean encountered a non-application exception; nested exception is: 
	<openjpa-2.4.0-r422266:1674604 fatal general error> org.apache.openjpa.persistence.PersistenceException: Table 'lab.owner' doesn't exist {prepstmnt 2000410491 SELECT t0.onwerID, t0.birthDate, t0.gender, t0.ownerName FROM owner t0} [code=1146, state=42S02]
FailedObject: SELECT s FROM Owner s [java.lang.String]
	at org.apache.openejb.core.ivm.BaseEjbProxyHandler.convertException(BaseEjbProxyHandler.java:427)
	at org.apache.openejb.core.ivm.BaseEjbProxyHandler.invoke(BaseEjbProxyHandler.java:329)
	at report.crud.OwnerBean$$LocalBeanProxy.readingOwnerAll(report/crud/OwnerBean.java)
	at polsl.pl.Testing.before(Testing.java:83)
	at sun.reflect.NativeMethodAccessorImpl.invoke0(Native Method)
	at sun.reflect.NativeMethodAccessorImpl.invoke(NativeMethodAccessorImpl.java:62)
	at sun.reflect.DelegatingMethodAccessorImpl.invoke(DelegatingMethodAccessorImpl.java:43)
	at java.lang.reflect.Method.invoke(Method.java:498)
	at org.junit.runners.model.FrameworkMethod$1.runReflectiveCall(FrameworkMethod.java:50)
	at org.junit.internal.runners.model.ReflectiveCallable.run(ReflectiveCallable.java:12)
	at org.junit.runners.model.FrameworkMethod.invokeExplosively(FrameworkMethod.java:47)
	at org.junit.internal.runners.statements.RunBefores.evaluate(RunBefores.java:24)
	at org.junit.internal.runners.statements.RunAfters.evaluate(RunAfters.java:27)
	at org.junit.runners.ParentRunner.runLeaf(ParentRunner.java:325)
	at org.junit.runners.BlockJUnit4ClassRunner.runChild(BlockJUnit4ClassRunner.java:78)
	at org.junit.runners.BlockJUnit4ClassRunner.runChild(BlockJUnit4ClassRunner.java:57)
	at org.junit.runners.ParentRunner$3.run(ParentRunner.java:290)
	at org.junit.runners.ParentRunner$1.schedule(ParentRunner.java:71)
	at org.junit.runners.ParentRunner.runChildren(ParentRunner.java:288)
	at org.junit.runners.ParentRunner.access$000(ParentRunner.java:58)
	at org.junit.runners.ParentRunner$2.evaluate(ParentRunner.java:268)
	at org.junit.internal.runners.statements.RunBefores.evaluate(RunBefores.java:26)
	at org.junit.runners.ParentRunner.run(ParentRunner.java:363)
	at org.apache.maven.surefire.junit4.JUnit4TestSet.execute(JUnit4TestSet.java:53)
	at org.apache.maven.surefire.junit4.JUnit4Provider.executeTestSet(JUnit4Provider.java:123)
	at org.apache.maven.surefire.junit4.JUnit4Provider.invoke(JUnit4Provider.java:104)
	at sun.reflect.NativeMethodAccessorImpl.invoke0(Native Method)
	at sun.reflect.NativeMethodAccessorImpl.invoke(NativeMethodAccessorImpl.java:62)
	at sun.reflect.DelegatingMethodAccessorImpl.invoke(DelegatingMethodAccessorImpl.java:43)
	at java.lang.reflect.Method.invoke(Method.java:498)
	at org.apache.maven.surefire.util.ReflectionUtils.invokeMethodWithArray(ReflectionUtils.java:164)
	at org.apache.maven.surefire.booter.ProviderFactory$ProviderProxy.invoke(ProviderFactory.java:110)
	at org.apache.maven.surefire.booter.SurefireStarter.invokeProvider(SurefireStarter.java:175)
	at org.apache.maven.surefire.booter.SurefireStarter.runSuitesInProcessWhenForked(SurefireStarter.java:107)
	at org.apache.maven.surefire.booter.ForkedBooter.main(ForkedBooter.java:68)
Caused by: <openjpa-2.4.0-r422266:1674604 fatal general error> org.apache.openjpa.persistence.PersistenceException: Table 'lab.owner' doesn't exist {prepstmnt 2000410491 SELECT t0.onwerID, t0.birthDate, t0.gender, t0.ownerName FROM owner t0} [code=1146, state=42S02]
FailedObject: SELECT s FROM Owner s [java.lang.String]
	at org.apache.openjpa.jdbc.sql.DBDictionary.narrow(DBDictionary.java:5001)
	at org.apache.openjpa.jdbc.sql.DBDictionary.newStoreException(DBDictionary.java:4961)
	at org.apache.openjpa.jdbc.sql.SQLExceptions.getStore(SQLExceptions.java:133)
	at org.apache.openjpa.jdbc.sql.SQLExceptions.getStore(SQLExceptions.java:115)
	at org.apache.openjpa.jdbc.sql.SQLExceptions.getStore(SQLExceptions.java:67)
	at org.apache.openjpa.jdbc.kernel.SelectResultObjectProvider.handleCheckedException(SelectResultObjectProvider.java:154)
	at org.apache.openjpa.lib.rop.EagerResultList.<init>(EagerResultList.java:39)
	at org.apache.openjpa.kernel.QueryImpl.toResult(QueryImpl.java:1250)
	at org.apache.openjpa.kernel.QueryImpl.execute(QueryImpl.java:1006)
	at org.apache.openjpa.kernel.QueryImpl.execute(QueryImpl.java:862)
	at org.apache.openjpa.kernel.QueryImpl.execute(QueryImpl.java:793)
	at org.apache.openjpa.kernel.DelegatingQuery.execute(DelegatingQuery.java:541)
	at org.apache.openjpa.persistence.QueryImpl.execute(QueryImpl.java:274)
	at org.apache.openjpa.persistence.QueryImpl.getResultList(QueryImpl.java:290)
	at report.crud.OwnerBean.readingOwnerAll(OwnerBean.java:107)
	at sun.reflect.NativeMethodAccessorImpl.invoke0(Native Method)
	at sun.reflect.NativeMethodAccessorImpl.invoke(NativeMethodAccessorImpl.java:62)
	at sun.reflect.DelegatingMethodAccessorImpl.invoke(DelegatingMethodAccessorImpl.java:43)
	at java.lang.reflect.Method.invoke(Method.java:498)
	at org.apache.openejb.core.interceptor.ReflectionInvocationContext$Invocation.invoke(ReflectionInvocationContext.java:192)
	at org.apache.openejb.core.interceptor.ReflectionInvocationContext.proceed(ReflectionInvocationContext.java:173)
	at org.apache.openejb.monitoring.StatsInterceptor.record(StatsInterceptor.java:181)
	at org.apache.openejb.monitoring.StatsInterceptor.invoke(StatsInterceptor.java:100)
	at sun.reflect.NativeMethodAccessorImpl.invoke0(Native Method)
	at sun.reflect.NativeMethodAccessorImpl.invoke(NativeMethodAccessorImpl.java:62)
	at sun.reflect.DelegatingMethodAccessorImpl.invoke(DelegatingMethodAccessorImpl.java:43)
	at java.lang.reflect.Method.invoke(Method.java:498)
	at org.apache.openejb.core.interceptor.ReflectionInvocationContext$Invocation.invoke(ReflectionInvocationContext.java:192)
	at org.apache.openejb.core.interceptor.ReflectionInvocationContext.proceed(ReflectionInvocationContext.java:173)
	at org.apache.openejb.core.interceptor.InterceptorStack.invoke(InterceptorStack.java:85)
	at org.apache.openejb.core.stateless.StatelessContainer._invoke(StatelessContainer.java:227)
	at org.apache.openejb.core.stateless.StatelessContainer.invoke(StatelessContainer.java:194)
	at org.apache.openejb.core.ivm.EjbObjectProxyHandler.synchronizedBusinessMethod(EjbObjectProxyHandler.java:317)
	at org.apache.openejb.core.ivm.EjbObjectProxyHandler.businessMethod(EjbObjectProxyHandler.java:312)
	at org.apache.openejb.core.ivm.EjbObjectProxyHandler._invoke(EjbObjectProxyHandler.java:92)
	at org.apache.openejb.core.ivm.BaseEjbProxyHandler.invoke(BaseEjbProxyHandler.java:325)
	... 33 more
Caused by: org.apache.openjpa.lib.jdbc.ReportingSQLException: Table 'lab.owner' doesn't exist {prepstmnt 2000410491 SELECT t0.onwerID, t0.birthDate, t0.gender, t0.ownerName FROM owner t0} [code=1146, state=42S02]
	at org.apache.openjpa.lib.jdbc.LoggingConnectionDecorator.wrap(LoggingConnectionDecorator.java:218)
	at org.apache.openjpa.lib.jdbc.LoggingConnectionDecorator.wrap(LoggingConnectionDecorator.java:202)
	at org.apache.openjpa.lib.jdbc.LoggingConnectionDecorator.access$700(LoggingConnectionDecorator.java:58)
	at org.apache.openjpa.lib.jdbc.LoggingConnectionDecorator$LoggingConnection$LoggingPreparedStatement.executeQuery(LoggingConnectionDecorator.java:1117)
	at org.apache.openjpa.lib.jdbc.DelegatingPreparedStatement.executeQuery(DelegatingPreparedStatement.java:268)
	at org.apache.openjpa.jdbc.kernel.JDBCStoreManager$CancelPreparedStatement.executeQuery(JDBCStoreManager.java:1800)
	at org.apache.openjpa.lib.jdbc.DelegatingPreparedStatement.executeQuery(DelegatingPreparedStatement.java:258)
	at org.apache.openjpa.jdbc.sql.SelectImpl.executeQuery(SelectImpl.java:500)
	at org.apache.openjpa.jdbc.sql.SelectImpl.execute(SelectImpl.java:425)
	at org.apache.openjpa.jdbc.sql.SelectImpl.execute(SelectImpl.java:392)
	at org.apache.openjpa.jdbc.sql.LogicalUnion$UnionSelect.execute(LogicalUnion.java:427)
	at org.apache.openjpa.jdbc.sql.LogicalUnion.execute(LogicalUnion.java:230)
	at org.apache.openjpa.jdbc.sql.LogicalUnion.execute(LogicalUnion.java:220)
	at org.apache.openjpa.jdbc.kernel.SelectResultObjectProvider.open(SelectResultObjectProvider.java:93)
	at org.apache.openjpa.lib.rop.EagerResultList.<init>(EagerResultList.java:33)
	... 62 more
reading(polsl.pl.Testing)  Time elapsed: 0.029 sec  <<< ERROR!
javax.ejb.EJBException: The bean encountered a non-application exception; nested exception is: 
	<openjpa-2.4.0-r422266:1674604 fatal general error> org.apache.openjpa.persistence.PersistenceException: Table 'lab.owner' doesn't exist {prepstmnt 1921012072 SELECT t0.onwerID, t0.birthDate, t0.gender, t0.ownerName FROM owner t0} [code=1146, state=42S02]
FailedObject: SELECT s FROM Owner s [java.lang.String]
	at org.apache.openejb.core.ivm.BaseEjbProxyHandler.convertException(BaseEjbProxyHandler.java:427)
	at org.apache.openejb.core.ivm.BaseEjbProxyHandler.invoke(BaseEjbProxyHandler.java:329)
	at report.crud.OwnerBean$$LocalBeanProxy.readingOwnerAll(report/crud/OwnerBean.java)
	at polsl.pl.Testing.after(Testing.java:150)
	at sun.reflect.NativeMethodAccessorImpl.invoke0(Native Method)
	at sun.reflect.NativeMethodAccessorImpl.invoke(NativeMethodAccessorImpl.java:62)
	at sun.reflect.DelegatingMethodAccessorImpl.invoke(DelegatingMethodAccessorImpl.java:43)
	at java.lang.reflect.Method.invoke(Method.java:498)
	at org.junit.runners.model.FrameworkMethod$1.runReflectiveCall(FrameworkMethod.java:50)
	at org.junit.internal.runners.model.ReflectiveCallable.run(ReflectiveCallable.java:12)
	at org.junit.runners.model.FrameworkMethod.invokeExplosively(FrameworkMethod.java:47)
	at org.junit.internal.runners.statements.RunAfters.evaluate(RunAfters.java:33)
	at org.junit.runners.ParentRunner.runLeaf(ParentRunner.java:325)
	at org.junit.runners.BlockJUnit4ClassRunner.runChild(BlockJUnit4ClassRunner.java:78)
	at org.junit.runners.BlockJUnit4ClassRunner.runChild(BlockJUnit4ClassRunner.java:57)
	at org.junit.runners.ParentRunner$3.run(ParentRunner.java:290)
	at org.junit.runners.ParentRunner$1.schedule(ParentRunner.java:71)
	at org.junit.runners.ParentRunner.runChildren(ParentRunner.java:288)
	at org.junit.runners.ParentRunner.access$000(ParentRunner.java:58)
	at org.junit.runners.ParentRunner$2.evaluate(ParentRunner.java:268)
	at org.junit.internal.runners.statements.RunBefores.evaluate(RunBefores.java:26)
	at org.junit.runners.ParentRunner.run(ParentRunner.java:363)
	at org.apache.maven.surefire.junit4.JUnit4TestSet.execute(JUnit4TestSet.java:53)
	at org.apache.maven.surefire.junit4.JUnit4Provider.executeTestSet(JUnit4Provider.java:123)
	at org.apache.maven.surefire.junit4.JUnit4Provider.invoke(JUnit4Provider.java:104)
	at sun.reflect.NativeMethodAccessorImpl.invoke0(Native Method)
	at sun.reflect.NativeMethodAccessorImpl.invoke(NativeMethodAccessorImpl.java:62)
	at sun.reflect.DelegatingMethodAccessorImpl.invoke(DelegatingMethodAccessorImpl.java:43)
	at java.lang.reflect.Method.invoke(Method.java:498)
	at org.apache.maven.surefire.util.ReflectionUtils.invokeMethodWithArray(ReflectionUtils.java:164)
	at org.apache.maven.surefire.booter.ProviderFactory$ProviderProxy.invoke(ProviderFactory.java:110)
	at org.apache.maven.surefire.booter.SurefireStarter.invokeProvider(SurefireStarter.java:175)
	at org.apache.maven.surefire.booter.SurefireStarter.runSuitesInProcessWhenForked(SurefireStarter.java:107)
	at org.apache.maven.surefire.booter.ForkedBooter.main(ForkedBooter.java:68)
Caused by: <openjpa-2.4.0-r422266:1674604 fatal general error> org.apache.openjpa.persistence.PersistenceException: Table 'lab.owner' doesn't exist {prepstmnt 1921012072 SELECT t0.onwerID, t0.birthDate, t0.gender, t0.ownerName FROM owner t0} [code=1146, state=42S02]
FailedObject: SELECT s FROM Owner s [java.lang.String]
	at org.apache.openjpa.jdbc.sql.DBDictionary.narrow(DBDictionary.java:5001)
	at org.apache.openjpa.jdbc.sql.DBDictionary.newStoreException(DBDictionary.java:4961)
	at org.apache.openjpa.jdbc.sql.SQLExceptions.getStore(SQLExceptions.java:133)
	at org.apache.openjpa.jdbc.sql.SQLExceptions.getStore(SQLExceptions.java:115)
	at org.apache.openjpa.jdbc.sql.SQLExceptions.getStore(SQLExceptions.java:67)
	at org.apache.openjpa.jdbc.kernel.SelectResultObjectProvider.handleCheckedException(SelectResultObjectProvider.java:154)
	at org.apache.openjpa.lib.rop.EagerResultList.<init>(EagerResultList.java:39)
	at org.apache.openjpa.kernel.QueryImpl.toResult(QueryImpl.java:1250)
	at org.apache.openjpa.kernel.QueryImpl.execute(QueryImpl.java:1006)
	at org.apache.openjpa.kernel.QueryImpl.execute(QueryImpl.java:862)
	at org.apache.openjpa.kernel.QueryImpl.execute(QueryImpl.java:793)
	at org.apache.openjpa.kernel.DelegatingQuery.execute(DelegatingQuery.java:541)
	at org.apache.openjpa.persistence.QueryImpl.execute(QueryImpl.java:274)
	at org.apache.openjpa.persistence.QueryImpl.getResultList(QueryImpl.java:290)
	at report.crud.OwnerBean.readingOwnerAll(OwnerBean.java:107)
	at sun.reflect.NativeMethodAccessorImpl.invoke0(Native Method)
	at sun.reflect.NativeMethodAccessorImpl.invoke(NativeMethodAccessorImpl.java:62)
	at sun.reflect.DelegatingMethodAccessorImpl.invoke(DelegatingMethodAccessorImpl.java:43)
	at java.lang.reflect.Method.invoke(Method.java:498)
	at org.apache.openejb.core.interceptor.ReflectionInvocationContext$Invocation.invoke(ReflectionInvocationContext.java:192)
	at org.apache.openejb.core.interceptor.ReflectionInvocationContext.proceed(ReflectionInvocationContext.java:173)
	at org.apache.openejb.monitoring.StatsInterceptor.record(StatsInterceptor.java:181)
	at org.apache.openejb.monitoring.StatsInterceptor.invoke(StatsInterceptor.java:100)
	at sun.reflect.NativeMethodAccessorImpl.invoke0(Native Method)
	at sun.reflect.NativeMethodAccessorImpl.invoke(NativeMethodAccessorImpl.java:62)
	at sun.reflect.DelegatingMethodAccessorImpl.invoke(DelegatingMethodAccessorImpl.java:43)
	at java.lang.reflect.Method.invoke(Method.java:498)
	at org.apache.openejb.core.interceptor.ReflectionInvocationContext$Invocation.invoke(ReflectionInvocationContext.java:192)
	at org.apache.openejb.core.interceptor.ReflectionInvocationContext.proceed(ReflectionInvocationContext.java:173)
	at org.apache.openejb.core.interceptor.InterceptorStack.invoke(InterceptorStack.java:85)
	at org.apache.openejb.core.stateless.StatelessContainer._invoke(StatelessContainer.java:227)
	at org.apache.openejb.core.stateless.StatelessContainer.invoke(StatelessContainer.java:194)
	at org.apache.openejb.core.ivm.EjbObjectProxyHandler.synchronizedBusinessMethod(EjbObjectProxyHandler.java:317)
	at org.apache.openejb.core.ivm.EjbObjectProxyHandler.businessMethod(EjbObjectProxyHandler.java:312)
	at org.apache.openejb.core.ivm.EjbObjectProxyHandler._invoke(EjbObjectProxyHandler.java:92)
	at org.apache.openejb.core.ivm.BaseEjbProxyHandler.invoke(BaseEjbProxyHandler.java:325)
	... 32 more
Caused by: org.apache.openjpa.lib.jdbc.ReportingSQLException: Table 'lab.owner' doesn't exist {prepstmnt 1921012072 SELECT t0.onwerID, t0.birthDate, t0.gender, t0.ownerName FROM owner t0} [code=1146, state=42S02]
	at org.apache.openjpa.lib.jdbc.LoggingConnectionDecorator.wrap(LoggingConnectionDecorator.java:218)
	at org.apache.openjpa.lib.jdbc.LoggingConnectionDecorator.wrap(LoggingConnectionDecorator.java:202)
	at org.apache.openjpa.lib.jdbc.LoggingConnectionDecorator.access$700(LoggingConnectionDecorator.java:58)
	at org.apache.openjpa.lib.jdbc.LoggingConnectionDecorator$LoggingConnection$LoggingPreparedStatement.executeQuery(LoggingConnectionDecorator.java:1117)
	at org.apache.openjpa.lib.jdbc.DelegatingPreparedStatement.executeQuery(DelegatingPreparedStatement.java:268)
	at org.apache.openjpa.jdbc.kernel.JDBCStoreManager$CancelPreparedStatement.executeQuery(JDBCStoreManager.java:1800)
	at org.apache.openjpa.lib.jdbc.DelegatingPreparedStatement.executeQuery(DelegatingPreparedStatement.java:258)
	at org.apache.openjpa.jdbc.sql.SelectImpl.executeQuery(SelectImpl.java:500)
	at org.apache.openjpa.jdbc.sql.SelectImpl.execute(SelectImpl.java:425)
	at org.apache.openjpa.jdbc.sql.SelectImpl.execute(SelectImpl.java:392)
	at org.apache.openjpa.jdbc.sql.LogicalUnion$UnionSelect.execute(LogicalUnion.java:427)
	at org.apache.openjpa.jdbc.sql.LogicalUnion.execute(LogicalUnion.java:230)
	at org.apache.openjpa.jdbc.sql.LogicalUnion.execute(LogicalUnion.java:220)
	at org.apache.openjpa.jdbc.kernel.SelectResultObjectProvider.open(SelectResultObjectProvider.java:93)
	at org.apache.openjpa.lib.rop.EagerResultList.<init>(EagerResultList.java:33)
	... 61 more
updating(polsl.pl.Testing)  Time elapsed: 0.014 sec  <<< ERROR!
javax.ejb.EJBException: The bean encountered a non-application exception; nested exception is: 
	<openjpa-2.4.0-r422266:1674604 fatal general error> org.apache.openjpa.persistence.PersistenceException: Table 'lab.owner' doesn't exist {prepstmnt 635001030 SELECT t0.onwerID, t0.birthDate, t0.gender, t0.ownerName FROM owner t0} [code=1146, state=42S02]
FailedObject: SELECT s FROM Owner s [java.lang.String]
	at org.apache.openejb.core.ivm.BaseEjbProxyHandler.convertException(BaseEjbProxyHandler.java:427)
	at org.apache.openejb.core.ivm.BaseEjbProxyHandler.invoke(BaseEjbProxyHandler.java:329)
	at report.crud.OwnerBean$$LocalBeanProxy.readingOwnerAll(report/crud/OwnerBean.java)
	at polsl.pl.Testing.before(Testing.java:83)
	at sun.reflect.NativeMethodAccessorImpl.invoke0(Native Method)
	at sun.reflect.NativeMethodAccessorImpl.invoke(NativeMethodAccessorImpl.java:62)
	at sun.reflect.DelegatingMethodAccessorImpl.invoke(DelegatingMethodAccessorImpl.java:43)
	at java.lang.reflect.Method.invoke(Method.java:498)
	at org.junit.runners.model.FrameworkMethod$1.runReflectiveCall(FrameworkMethod.java:50)
	at org.junit.internal.runners.model.ReflectiveCallable.run(ReflectiveCallable.java:12)
	at org.junit.runners.model.FrameworkMethod.invokeExplosively(FrameworkMethod.java:47)
	at org.junit.internal.runners.statements.RunBefores.evaluate(RunBefores.java:24)
	at org.junit.internal.runners.statements.RunAfters.evaluate(RunAfters.java:27)
	at org.junit.runners.ParentRunner.runLeaf(ParentRunner.java:325)
	at org.junit.runners.BlockJUnit4ClassRunner.runChild(BlockJUnit4ClassRunner.java:78)
	at org.junit.runners.BlockJUnit4ClassRunner.runChild(BlockJUnit4ClassRunner.java:57)
	at org.junit.runners.ParentRunner$3.run(ParentRunner.java:290)
	at org.junit.runners.ParentRunner$1.schedule(ParentRunner.java:71)
	at org.junit.runners.ParentRunner.runChildren(ParentRunner.java:288)
	at org.junit.runners.ParentRunner.access$000(ParentRunner.java:58)
	at org.junit.runners.ParentRunner$2.evaluate(ParentRunner.java:268)
	at org.junit.internal.runners.statements.RunBefores.evaluate(RunBefores.java:26)
	at org.junit.runners.ParentRunner.run(ParentRunner.java:363)
	at org.apache.maven.surefire.junit4.JUnit4TestSet.execute(JUnit4TestSet.java:53)
	at org.apache.maven.surefire.junit4.JUnit4Provider.executeTestSet(JUnit4Provider.java:123)
	at org.apache.maven.surefire.junit4.JUnit4Provider.invoke(JUnit4Provider.java:104)
	at sun.reflect.NativeMethodAccessorImpl.invoke0(Native Method)
	at sun.reflect.NativeMethodAccessorImpl.invoke(NativeMethodAccessorImpl.java:62)
	at sun.reflect.DelegatingMethodAccessorImpl.invoke(DelegatingMethodAccessorImpl.java:43)
	at java.lang.reflect.Method.invoke(Method.java:498)
	at org.apache.maven.surefire.util.ReflectionUtils.invokeMethodWithArray(ReflectionUtils.java:164)
	at org.apache.maven.surefire.booter.ProviderFactory$ProviderProxy.invoke(ProviderFactory.java:110)
	at org.apache.maven.surefire.booter.SurefireStarter.invokeProvider(SurefireStarter.java:175)
	at org.apache.maven.surefire.booter.SurefireStarter.runSuitesInProcessWhenForked(SurefireStarter.java:107)
	at org.apache.maven.surefire.booter.ForkedBooter.main(ForkedBooter.java:68)
Caused by: <openjpa-2.4.0-r422266:1674604 fatal general error> org.apache.openjpa.persistence.PersistenceException: Table 'lab.owner' doesn't exist {prepstmnt 635001030 SELECT t0.onwerID, t0.birthDate, t0.gender, t0.ownerName FROM owner t0} [code=1146, state=42S02]
FailedObject: SELECT s FROM Owner s [java.lang.String]
	at org.apache.openjpa.jdbc.sql.DBDictionary.narrow(DBDictionary.java:5001)
	at org.apache.openjpa.jdbc.sql.DBDictionary.newStoreException(DBDictionary.java:4961)
	at org.apache.openjpa.jdbc.sql.SQLExceptions.getStore(SQLExceptions.java:133)
	at org.apache.openjpa.jdbc.sql.SQLExceptions.getStore(SQLExceptions.java:115)
	at org.apache.openjpa.jdbc.sql.SQLExceptions.getStore(SQLExceptions.java:67)
	at org.apache.openjpa.jdbc.kernel.SelectResultObjectProvider.handleCheckedException(SelectResultObjectProvider.java:154)
	at org.apache.openjpa.lib.rop.EagerResultList.<init>(EagerResultList.java:39)
	at org.apache.openjpa.kernel.QueryImpl.toResult(QueryImpl.java:1250)
	at org.apache.openjpa.kernel.QueryImpl.execute(QueryImpl.java:1006)
	at org.apache.openjpa.kernel.QueryImpl.execute(QueryImpl.java:862)
	at org.apache.openjpa.kernel.QueryImpl.execute(QueryImpl.java:793)
	at org.apache.openjpa.kernel.DelegatingQuery.execute(DelegatingQuery.java:541)
	at org.apache.openjpa.persistence.QueryImpl.execute(QueryImpl.java:274)
	at org.apache.openjpa.persistence.QueryImpl.getResultList(QueryImpl.java:290)
	at report.crud.OwnerBean.readingOwnerAll(OwnerBean.java:107)
	at sun.reflect.NativeMethodAccessorImpl.invoke0(Native Method)
	at sun.reflect.NativeMethodAccessorImpl.invoke(NativeMethodAccessorImpl.java:62)
	at sun.reflect.DelegatingMethodAccessorImpl.invoke(DelegatingMethodAccessorImpl.java:43)
	at java.lang.reflect.Method.invoke(Method.java:498)
	at org.apache.openejb.core.interceptor.ReflectionInvocationContext$Invocation.invoke(ReflectionInvocationContext.java:192)
	at org.apache.openejb.core.interceptor.ReflectionInvocationContext.proceed(ReflectionInvocationContext.java:173)
	at org.apache.openejb.monitoring.StatsInterceptor.record(StatsInterceptor.java:181)
	at org.apache.openejb.monitoring.StatsInterceptor.invoke(StatsInterceptor.java:100)
	at sun.reflect.NativeMethodAccessorImpl.invoke0(Native Method)
	at sun.reflect.NativeMethodAccessorImpl.invoke(NativeMethodAccessorImpl.java:62)
	at sun.reflect.DelegatingMethodAccessorImpl.invoke(DelegatingMethodAccessorImpl.java:43)
	at java.lang.reflect.Method.invoke(Method.java:498)
	at org.apache.openejb.core.interceptor.ReflectionInvocationContext$Invocation.invoke(ReflectionInvocationContext.java:192)
	at org.apache.openejb.core.interceptor.ReflectionInvocationContext.proceed(ReflectionInvocationContext.java:173)
	at org.apache.openejb.core.interceptor.InterceptorStack.invoke(InterceptorStack.java:85)
	at org.apache.openejb.core.stateless.StatelessContainer._invoke(StatelessContainer.java:227)
	at org.apache.openejb.core.stateless.StatelessContainer.invoke(StatelessContainer.java:194)
	at org.apache.openejb.core.ivm.EjbObjectProxyHandler.synchronizedBusinessMethod(EjbObjectProxyHandler.java:317)
	at org.apache.openejb.core.ivm.EjbObjectProxyHandler.businessMethod(EjbObjectProxyHandler.java:312)
	at org.apache.openejb.core.ivm.EjbObjectProxyHandler._invoke(EjbObjectProxyHandler.java:92)
	at org.apache.openejb.core.ivm.BaseEjbProxyHandler.invoke(BaseEjbProxyHandler.java:325)
	... 33 more
Caused by: org.apache.openjpa.lib.jdbc.ReportingSQLException: Table 'lab.owner' doesn't exist {prepstmnt 635001030 SELECT t0.onwerID, t0.birthDate, t0.gender, t0.ownerName FROM owner t0} [code=1146, state=42S02]
	at org.apache.openjpa.lib.jdbc.LoggingConnectionDecorator.wrap(LoggingConnectionDecorator.java:218)
	at org.apache.openjpa.lib.jdbc.LoggingConnectionDecorator.wrap(LoggingConnectionDecorator.java:202)
	at org.apache.openjpa.lib.jdbc.LoggingConnectionDecorator.access$700(LoggingConnectionDecorator.java:58)
	at org.apache.openjpa.lib.jdbc.LoggingConnectionDecorator$LoggingConnection$LoggingPreparedStatement.executeQuery(LoggingConnectionDecorator.java:1117)
	at org.apache.openjpa.lib.jdbc.DelegatingPreparedStatement.executeQuery(DelegatingPreparedStatement.java:268)
	at org.apache.openjpa.jdbc.kernel.JDBCStoreManager$CancelPreparedStatement.executeQuery(JDBCStoreManager.java:1800)
	at org.apache.openjpa.lib.jdbc.DelegatingPreparedStatement.executeQuery(DelegatingPreparedStatement.java:258)
	at org.apache.openjpa.jdbc.sql.SelectImpl.executeQuery(SelectImpl.java:500)
	at org.apache.openjpa.jdbc.sql.SelectImpl.execute(SelectImpl.java:425)
	at org.apache.openjpa.jdbc.sql.SelectImpl.execute(SelectImpl.java:392)
	at org.apache.openjpa.jdbc.sql.LogicalUnion$UnionSelect.execute(LogicalUnion.java:427)
	at org.apache.openjpa.jdbc.sql.LogicalUnion.execute(LogicalUnion.java:230)
	at org.apache.openjpa.jdbc.sql.LogicalUnion.execute(LogicalUnion.java:220)
	at org.apache.openjpa.jdbc.kernel.SelectResultObjectProvider.open(SelectResultObjectProvider.java:93)
	at org.apache.openjpa.lib.rop.EagerResultList.<init>(EagerResultList.java:33)
	... 62 more
updating(polsl.pl.Testing)  Time elapsed: 0.014 sec  <<< ERROR!
javax.ejb.EJBException: The bean encountered a non-application exception; nested exception is: 
	<openjpa-2.4.0-r422266:1674604 fatal general error> org.apache.openjpa.persistence.PersistenceException: Table 'lab.owner' doesn't exist {prepstmnt 1682157864 SELECT t0.onwerID, t0.birthDate, t0.gender, t0.ownerName FROM owner t0} [code=1146, state=42S02]
FailedObject: SELECT s FROM Owner s [java.lang.String]
	at org.apache.openejb.core.ivm.BaseEjbProxyHandler.convertException(BaseEjbProxyHandler.java:427)
	at org.apache.openejb.core.ivm.BaseEjbProxyHandler.invoke(BaseEjbProxyHandler.java:329)
	at report.crud.OwnerBean$$LocalBeanProxy.readingOwnerAll(report/crud/OwnerBean.java)
	at polsl.pl.Testing.after(Testing.java:150)
	at sun.reflect.NativeMethodAccessorImpl.invoke0(Native Method)
	at sun.reflect.NativeMethodAccessorImpl.invoke(NativeMethodAccessorImpl.java:62)
	at sun.reflect.DelegatingMethodAccessorImpl.invoke(DelegatingMethodAccessorImpl.java:43)
	at java.lang.reflect.Method.invoke(Method.java:498)
	at org.junit.runners.model.FrameworkMethod$1.runReflectiveCall(FrameworkMethod.java:50)
	at org.junit.internal.runners.model.ReflectiveCallable.run(ReflectiveCallable.java:12)
	at org.junit.runners.model.FrameworkMethod.invokeExplosively(FrameworkMethod.java:47)
	at org.junit.internal.runners.statements.RunAfters.evaluate(RunAfters.java:33)
	at org.junit.runners.ParentRunner.runLeaf(ParentRunner.java:325)
	at org.junit.runners.BlockJUnit4ClassRunner.runChild(BlockJUnit4ClassRunner.java:78)
	at org.junit.runners.BlockJUnit4ClassRunner.runChild(BlockJUnit4ClassRunner.java:57)
	at org.junit.runners.ParentRunner$3.run(ParentRunner.java:290)
	at org.junit.runners.ParentRunner$1.schedule(ParentRunner.java:71)
	at org.junit.runners.ParentRunner.runChildren(ParentRunner.java:288)
	at org.junit.runners.ParentRunner.access$000(ParentRunner.java:58)
	at org.junit.runners.ParentRunner$2.evaluate(ParentRunner.java:268)
	at org.junit.internal.runners.statements.RunBefores.evaluate(RunBefores.java:26)
	at org.junit.runners.ParentRunner.run(ParentRunner.java:363)
	at org.apache.maven.surefire.junit4.JUnit4TestSet.execute(JUnit4TestSet.java:53)
	at org.apache.maven.surefire.junit4.JUnit4Provider.executeTestSet(JUnit4Provider.java:123)
	at org.apache.maven.surefire.junit4.JUnit4Provider.invoke(JUnit4Provider.java:104)
	at sun.reflect.NativeMethodAccessorImpl.invoke0(Native Method)
	at sun.reflect.NativeMethodAccessorImpl.invoke(NativeMethodAccessorImpl.java:62)
	at sun.reflect.DelegatingMethodAccessorImpl.invoke(DelegatingMethodAccessorImpl.java:43)
	at java.lang.reflect.Method.invoke(Method.java:498)
	at org.apache.maven.surefire.util.ReflectionUtils.invokeMethodWithArray(ReflectionUtils.java:164)
	at org.apache.maven.surefire.booter.ProviderFactory$ProviderProxy.invoke(ProviderFactory.java:110)
	at org.apache.maven.surefire.booter.SurefireStarter.invokeProvider(SurefireStarter.java:175)
	at org.apache.maven.surefire.booter.SurefireStarter.runSuitesInProcessWhenForked(SurefireStarter.java:107)
	at org.apache.maven.surefire.booter.ForkedBooter.main(ForkedBooter.java:68)
Caused by: <openjpa-2.4.0-r422266:1674604 fatal general error> org.apache.openjpa.persistence.PersistenceException: Table 'lab.owner' doesn't exist {prepstmnt 1682157864 SELECT t0.onwerID, t0.birthDate, t0.gender, t0.ownerName FROM owner t0} [code=1146, state=42S02]
FailedObject: SELECT s FROM Owner s [java.lang.String]
	at org.apache.openjpa.jdbc.sql.DBDictionary.narrow(DBDictionary.java:5001)
	at org.apache.openjpa.jdbc.sql.DBDictionary.newStoreException(DBDictionary.java:4961)
	at org.apache.openjpa.jdbc.sql.SQLExceptions.getStore(SQLExceptions.java:133)
	at org.apache.openjpa.jdbc.sql.SQLExceptions.getStore(SQLExceptions.java:115)
	at org.apache.openjpa.jdbc.sql.SQLExceptions.getStore(SQLExceptions.java:67)
	at org.apache.openjpa.jdbc.kernel.SelectResultObjectProvider.handleCheckedException(SelectResultObjectProvider.java:154)
	at org.apache.openjpa.lib.rop.EagerResultList.<init>(EagerResultList.java:39)
	at org.apache.openjpa.kernel.QueryImpl.toResult(QueryImpl.java:1250)
	at org.apache.openjpa.kernel.QueryImpl.execute(QueryImpl.java:1006)
	at org.apache.openjpa.kernel.QueryImpl.execute(QueryImpl.java:862)
	at org.apache.openjpa.kernel.QueryImpl.execute(QueryImpl.java:793)
	at org.apache.openjpa.kernel.DelegatingQuery.execute(DelegatingQuery.java:541)
	at org.apache.openjpa.persistence.QueryImpl.execute(QueryImpl.java:274)
	at org.apache.openjpa.persistence.QueryImpl.getResultList(QueryImpl.java:290)
	at report.crud.OwnerBean.readingOwnerAll(OwnerBean.java:107)
	at sun.reflect.NativeMethodAccessorImpl.invoke0(Native Method)
	at sun.reflect.NativeMethodAccessorImpl.invoke(NativeMethodAccessorImpl.java:62)
	at sun.reflect.DelegatingMethodAccessorImpl.invoke(DelegatingMethodAccessorImpl.java:43)
	at java.lang.reflect.Method.invoke(Method.java:498)
	at org.apache.openejb.core.interceptor.ReflectionInvocationContext$Invocation.invoke(ReflectionInvocationContext.java:192)
	at org.apache.openejb.core.interceptor.ReflectionInvocationContext.proceed(ReflectionInvocationContext.java:173)
	at org.apache.openejb.monitoring.StatsInterceptor.record(StatsInterceptor.java:181)
	at org.apache.openejb.monitoring.StatsInterceptor.invoke(StatsInterceptor.java:100)
	at sun.reflect.NativeMethodAccessorImpl.invoke0(Native Method)
	at sun.reflect.NativeMethodAccessorImpl.invoke(NativeMethodAccessorImpl.java:62)
	at sun.reflect.DelegatingMethodAccessorImpl.invoke(DelegatingMethodAccessorImpl.java:43)
	at java.lang.reflect.Method.invoke(Method.java:498)
	at org.apache.openejb.core.interceptor.ReflectionInvocationContext$Invocation.invoke(ReflectionInvocationContext.java:192)
	at org.apache.openejb.core.interceptor.ReflectionInvocationContext.proceed(ReflectionInvocationContext.java:173)
	at org.apache.openejb.core.interceptor.InterceptorStack.invoke(InterceptorStack.java:85)
	at org.apache.openejb.core.stateless.StatelessContainer._invoke(StatelessContainer.java:227)
	at org.apache.openejb.core.stateless.StatelessContainer.invoke(StatelessContainer.java:194)
	at org.apache.openejb.core.ivm.EjbObjectProxyHandler.synchronizedBusinessMethod(EjbObjectProxyHandler.java:317)
	at org.apache.openejb.core.ivm.EjbObjectProxyHandler.businessMethod(EjbObjectProxyHandler.java:312)
	at org.apache.openejb.core.ivm.EjbObjectProxyHandler._invoke(EjbObjectProxyHandler.java:92)
	at org.apache.openejb.core.ivm.BaseEjbProxyHandler.invoke(BaseEjbProxyHandler.java:325)
	... 32 more
Caused by: org.apache.openjpa.lib.jdbc.ReportingSQLException: Table 'lab.owner' doesn't exist {prepstmnt 1682157864 SELECT t0.onwerID, t0.birthDate, t0.gender, t0.ownerName FROM owner t0} [code=1146, state=42S02]
	at org.apache.openjpa.lib.jdbc.LoggingConnectionDecorator.wrap(LoggingConnectionDecorator.java:218)
	at org.apache.openjpa.lib.jdbc.LoggingConnectionDecorator.wrap(LoggingConnectionDecorator.java:202)
	at org.apache.openjpa.lib.jdbc.LoggingConnectionDecorator.access$700(LoggingConnectionDecorator.java:58)
	at org.apache.openjpa.lib.jdbc.LoggingConnectionDecorator$LoggingConnection$LoggingPreparedStatement.executeQuery(LoggingConnectionDecorator.java:1117)
	at org.apache.openjpa.lib.jdbc.DelegatingPreparedStatement.executeQuery(DelegatingPreparedStatement.java:268)
	at org.apache.openjpa.jdbc.kernel.JDBCStoreManager$CancelPreparedStatement.executeQuery(JDBCStoreManager.java:1800)
	at org.apache.openjpa.lib.jdbc.DelegatingPreparedStatement.executeQuery(DelegatingPreparedStatement.java:258)
	at org.apache.openjpa.jdbc.sql.SelectImpl.executeQuery(SelectImpl.java:500)
	at org.apache.openjpa.jdbc.sql.SelectImpl.execute(SelectImpl.java:425)
	at org.apache.openjpa.jdbc.sql.SelectImpl.execute(SelectImpl.java:392)
	at org.apache.openjpa.jdbc.sql.LogicalUnion$UnionSelect.execute(LogicalUnion.java:427)
	at org.apache.openjpa.jdbc.sql.LogicalUnion.execute(LogicalUnion.java:230)
	at org.apache.openjpa.jdbc.sql.LogicalUnion.execute(LogicalUnion.java:220)
	at org.apache.openjpa.jdbc.kernel.SelectResultObjectProvider.open(SelectResultObjectProvider.java:93)
	at org.apache.openjpa.lib.rop.EagerResultList.<init>(EagerResultList.java:33)
	... 61 more
