<?xml version="1.0" encoding="UTF-8" ?>
<testsuite tests="6" failures="0" name="polsl.pl.Testing" time="2.03" errors="6" skipped="0">
  <properties>
[...]
</properties>
  <testcase classname="polsl.pl.Testing" name="removing" time="0.895">
    <error message="The bean encountered a non-application exception; nested exception is: 
	&lt;openjpa-2.4.0-r422266:1674604 fatal general error&gt; org.apache.openjpa.persistence.PersistenceException: null" type="javax.ejb.EJBException">javax.ejb.EJBException: The bean encountered a non-application exception; nested exception is: 
	&lt;openjpa-2.4.0-r422266:1674604 fatal general error&gt; org.apache.openjpa.persistence.PersistenceException: null
	at org.apache.openejb.core.ivm.BaseEjbProxyHandler.convertException(BaseEjbProxyHandler.java:427)
	at org.apache.openejb.core.ivm.BaseEjbProxyHandler.invoke(BaseEjbProxyHandler.java:329)
	at report.crud.OwnerBean$$LocalBeanProxy.readingOwnerAll(report/crud/OwnerBean.java)
	at polsl.pl.Testing.before(Testing.java:83)
	at sun.reflect.NativeMethodAccessorImpl.invoke0(Native Method)
	at sun.reflect.NativeMethodAccessorImpl.invoke(NativeMethodAccessorImpl.java:62)
	at sun.reflect.DelegatingMethodAccessorImpl.invoke(DelegatingMethodAccessorImpl.java:43)
	at java.lang.reflect.Method.invoke(Method.java:498)
	at org.junit.runners.model.FrameworkMethod$1.runReflectiveCall(FrameworkMethod.java:50)
	at org.junit.internal.runners.model.ReflectiveCallable.run(ReflectiveCallable.java:12)
	at org.junit.runners.model.FrameworkMethod.invokeExplosively(FrameworkMethod.java:47)
	at org.junit.internal.runners.statements.RunBefores.evaluate(RunBefores.java:24)
	at org.junit.internal.runners.statements.RunAfters.evaluate(RunAfters.java:27)
	at org.junit.runners.ParentRunner.runLeaf(ParentRunner.java:325)
	at org.junit.runners.BlockJUnit4ClassRunner.runChild(BlockJUnit4ClassRunner.java:78)
	at org.junit.runners.BlockJUnit4ClassRunner.runChild(BlockJUnit4ClassRunner.java:57)
	at org.junit.runners.ParentRunner$3.run(ParentRunner.java:290)
	at org.junit.runners.ParentRunner$1.schedule(ParentRunner.java:71)
	at org.junit.runners.ParentRunner.runChildren(ParentRunner.java:288)
	at org.junit.runners.ParentRunner.access$000(ParentRunner.java:58)
	at org.junit.runners.ParentRunner$2.evaluate(ParentRunner.java:268)
	at org.junit.internal.runners.statements.RunBefores.evaluate(RunBefores.java:26)
	at org.junit.runners.ParentRunner.run(ParentRunner.java:363)
	at org.apache.maven.surefire.junit4.JUnit4TestSet.execute(JUnit4TestSet.java:53)
	at org.apache.maven.surefire.junit4.JUnit4Provider.executeTestSet(JUnit4Provider.java:123)
	at org.apache.maven.surefire.junit4.JUnit4Provider.invoke(JUnit4Provider.java:104)
	at sun.reflect.NativeMethodAccessorImpl.invoke0(Native Method)
	at sun.reflect.NativeMethodAccessorImpl.invoke(NativeMethodAccessorImpl.java:62)
	at sun.reflect.DelegatingMethodAccessorImpl.invoke(DelegatingMethodAccessorImpl.java:43)
	at java.lang.reflect.Method.invoke(Method.java:498)
	at org.apache.maven.surefire.util.ReflectionUtils.invokeMethodWithArray(ReflectionUtils.java:164)
	at org.apache.maven.surefire.booter.ProviderFactory$ProviderProxy.invoke(ProviderFactory.java:110)
	at org.apache.maven.surefire.booter.SurefireStarter.invokeProvider(SurefireStarter.java:175)
	at org.apache.maven.surefire.booter.SurefireStarter.runSuitesInProcessWhenForked(SurefireStarter.java:107)
	at org.apache.maven.surefire.booter.ForkedBooter.main(ForkedBooter.java:68)
Caused by: &lt;openjpa-2.4.0-r422266:1674604 fatal general error&gt; org.apache.openjpa.persistence.PersistenceException: null
	at org.apache.openjpa.enhance.ClassRedefiner.redefineClasses(ClassRedefiner.java:96)
	at org.apache.openjpa.enhance.ManagedClassSubclasser.prepareUnenhancedClasses(ManagedClassSubclasser.java:176)
	at org.apache.openjpa.kernel.AbstractBrokerFactory.loadPersistentTypes(AbstractBrokerFactory.java:311)
	at org.apache.openjpa.kernel.AbstractBrokerFactory.initializeBroker(AbstractBrokerFactory.java:235)
	at org.apache.openjpa.kernel.AbstractBrokerFactory.newBroker(AbstractBrokerFactory.java:211)
	at org.apache.openjpa.kernel.DelegatingBrokerFactory.newBroker(DelegatingBrokerFactory.java:154)
	at org.apache.openjpa.persistence.EntityManagerFactoryImpl.createEntityManager(EntityManagerFactoryImpl.java:226)
	at org.apache.openjpa.persistence.EntityManagerFactoryImpl.createEntityManager(EntityManagerFactoryImpl.java:59)
	at org.apache.openejb.assembler.classic.ReloadableEntityManagerFactory.createEntityManager(ReloadableEntityManagerFactory.java:160)
	at org.apache.openejb.persistence.JtaEntityManagerRegistry.getEntityManager(JtaEntityManagerRegistry.java:119)
	at org.apache.openejb.persistence.JtaEntityManager.getEntityManager(JtaEntityManager.java:101)
	at org.apache.openejb.persistence.JtaEntityManager.proxyIfNoTx(JtaEntityManager.java:331)
	at org.apache.openejb.persistence.JtaEntityManager.createNamedQuery(JtaEntityManager.java:294)
	at report.crud.OwnerBean.readingOwnerAll(OwnerBean.java:107)
	at sun.reflect.NativeMethodAccessorImpl.invoke0(Native Method)
	at sun.reflect.NativeMethodAccessorImpl.invoke(NativeMethodAccessorImpl.java:62)
	at sun.reflect.DelegatingMethodAccessorImpl.invoke(DelegatingMethodAccessorImpl.java:43)
	at java.lang.reflect.Method.invoke(Method.java:498)
	at org.apache.openejb.core.interceptor.ReflectionInvocationContext$Invocation.invoke(ReflectionInvocationContext.java:192)
	at org.apache.openejb.core.interceptor.ReflectionInvocationContext.proceed(ReflectionInvocationContext.java:173)
	at org.apache.openejb.monitoring.StatsInterceptor.record(StatsInterceptor.java:181)
	at org.apache.openejb.monitoring.StatsInterceptor.invoke(StatsInterceptor.java:100)
	at sun.reflect.NativeMethodAccessorImpl.invoke0(Native Method)
	at sun.reflect.NativeMethodAccessorImpl.invoke(NativeMethodAccessorImpl.java:62)
	at sun.reflect.DelegatingMethodAccessorImpl.invoke(DelegatingMethodAccessorImpl.java:43)
	at java.lang.reflect.Method.invoke(Method.java:498)
	at org.apache.openejb.core.interceptor.ReflectionInvocationContext$Invocation.invoke(ReflectionInvocationContext.java:192)
	at org.apache.openejb.core.interceptor.ReflectionInvocationContext.proceed(ReflectionInvocationContext.java:173)
	at org.apache.openejb.core.interceptor.InterceptorStack.invoke(InterceptorStack.java:85)
	at org.apache.openejb.core.stateless.StatelessContainer._invoke(StatelessContainer.java:227)
	at org.apache.openejb.core.stateless.StatelessContainer.invoke(StatelessContainer.java:194)
	at org.apache.openejb.core.ivm.EjbObjectProxyHandler.synchronizedBusinessMethod(EjbObjectProxyHandler.java:317)
	at org.apache.openejb.core.ivm.EjbObjectProxyHandler.businessMethod(EjbObjectProxyHandler.java:312)
	at org.apache.openejb.core.ivm.EjbObjectProxyHandler._invoke(EjbObjectProxyHandler.java:92)
	at org.apache.openejb.core.ivm.BaseEjbProxyHandler.invoke(BaseEjbProxyHandler.java:325)
	... 33 more
Caused by: java.lang.reflect.InvocationTargetException
	at sun.reflect.NativeMethodAccessorImpl.invoke0(Native Method)
	at sun.reflect.NativeMethodAccessorImpl.invoke(NativeMethodAccessorImpl.java:62)
	at sun.reflect.DelegatingMethodAccessorImpl.invoke(DelegatingMethodAccessorImpl.java:43)
	at java.lang.reflect.Method.invoke(Method.java:498)
	at org.apache.openjpa.enhance.ClassRedefiner.redefineClasses(ClassRedefiner.java:85)
	... 67 more
Caused by: java.lang.VerifyError
	at sun.instrument.InstrumentationImpl.retransformClasses0(Native Method)
	at sun.instrument.InstrumentationImpl.retransformClasses(InstrumentationImpl.java:144)
	... 72 more
</error>
    <system-out>信息 - ********************************************************************************
信息 - OpenEJB http://tomee.apache.org/
信息 - Startup: Thu Jun 18 16:25:29 CEST 2020
信息 - Copyright 1999-2015 (C) Apache OpenEJB/TomEE Project, All Rights Reserved.
信息 - Version: 4.7.4
信息 - Build date: 20160304
信息 - Build time: 09:05
信息 - ********************************************************************************
信息 - openejb.home = E:\Downloads\Report3\Report3-ejb
信息 - openejb.base = E:\Downloads\Report3\Report3-ejb
信息 - Created new singletonService org.apache.openejb.cdi.ThreadSingletonServiceImpl@6bf256fa
信息 - Succeeded in installing singleton service
信息 - Cannot find the configuration file [conf/openejb.xml].  Will attempt to create one for the beans deployed.
信息 - Configuring Service(id=Default Security Service, type=SecurityService, provider-id=Default Security Service)
信息 - Configuring Service(id=Default Transaction Manager, type=TransactionManager, provider-id=Default Transaction Manager)
信息 - Configuring Service(id=Lab-PU, type=Resource, provider-id=Default JDBC Database)
信息 - Found EjbModule in classpath: e:\downloads\report3\report3-ejb\target\classes
信息 - Beginning load: e:\downloads\report3\report3-ejb\target\classes
信息 - Configuring enterprise application: E:\Downloads\Report3\Report3-ejb\classpath.ear
信息 - Auto-deploying ejb OwnerBean: EjbDeployment(deployment-id=OwnerBean)
信息 - Auto-deploying ejb PetBean: EjbDeployment(deployment-id=PetBean)
信息 - Configuring Service(id=Default Stateless Container, type=Container, provider-id=Default Stateless Container)
信息 - Auto-creating a container for bean OwnerBean: Container(type=STATELESS, id=Default Stateless Container)
信息 - Configuring PersistenceUnit(name=LabPU)
信息 - Auto-creating a Resource with id &apos;Lab-PUNonJta&apos; of type &apos;DataSource for &apos;LabPU&apos;.
信息 - Configuring Service(id=Lab-PUNonJta, type=Resource, provider-id=Lab-PU)
信息 - Adjusting PersistenceUnit LabPU &lt;jta-data-source&gt; to Resource ID &apos;Lab-PU&apos; from &apos;jdbc/myDatasource&apos;
信息 - Adjusting PersistenceUnit LabPU &lt;non-jta-data-source&gt; to Resource ID &apos;Lab-PUNonJta&apos; from &apos;null&apos;
信息 - Enterprise application &quot;E:\Downloads\Report3\Report3-ejb\classpath.ear&quot; loaded.
信息 - Creating TransactionManager(id=Default Transaction Manager)
信息 - Creating SecurityService(id=Default Security Service)
信息 - Creating Resource(id=Lab-PU)
信息 - Creating Resource(id=Lab-PUNonJta)
信息 - Creating Container(id=Default Stateless Container)
信息 - Assembling app: E:\Downloads\Report3\Report3-ejb\classpath.ear
警告 - JAVA AGENT NOT INSTALLED. The JPA Persistence Provider requested installation of a ClassFileTransformer which requires a JavaAgent.  See http://tomee.apache.org/javaagent.html
信息 - OpenJPA dynamically loaded a validation provider.
信息 - PersistenceUnit(name=LabPU, provider=org.apache.openjpa.persistence.PersistenceProviderImpl) - provider time 170ms
信息 - Jndi(name=OwnerBeanLocalBean) --&gt; Ejb(deployment-id=OwnerBean)
信息 - Jndi(name=global/classpath.ear/Report3-ejb/OwnerBean!report.crud.OwnerBean) --&gt; Ejb(deployment-id=OwnerBean)
信息 - Jndi(name=global/classpath.ear/Report3-ejb/OwnerBean) --&gt; Ejb(deployment-id=OwnerBean)
信息 - Jndi(name=PetBeanLocalBean) --&gt; Ejb(deployment-id=PetBean)
信息 - Jndi(name=global/classpath.ear/Report3-ejb/PetBean!report.crud.PetBean) --&gt; Ejb(deployment-id=PetBean)
信息 - Jndi(name=global/classpath.ear/Report3-ejb/PetBean) --&gt; Ejb(deployment-id=PetBean)
信息 - Existing thread singleton service in SystemInstance(): org.apache.openejb.cdi.ThreadSingletonServiceImpl@6bf256fa
信息 - OpenWebBeans Container is starting...
信息 - Adding OpenWebBeansPlugin : [CdiPlugin]
信息 - All injection points were validated successfully.
信息 - OpenWebBeans Container has started, it took 47 ms.
信息 - Created Ejb(deployment-id=PetBean, ejb-name=PetBean, container=Default Stateless Container)
信息 - Created Ejb(deployment-id=OwnerBean, ejb-name=OwnerBean, container=Default Stateless Container)
信息 - Started Ejb(deployment-id=PetBean, ejb-name=PetBean, container=Default Stateless Container)
信息 - Started Ejb(deployment-id=OwnerBean, ejb-name=OwnerBean, container=Default Stateless Container)
信息 - Deployed Application(path=E:\Downloads\Report3\Report3-ejb\classpath.ear)
信息 - Starting OpenJPA 2.4.0
信息 - Using dictionary class &quot;org.apache.openjpa.jdbc.sql.MySQLDictionary&quot; (MySQL 5.6.41-log ,MySQL Connector Java mysql-connector-java-5.1.36 ( Revision: 4fc1f969f740409a4e03750316df2c0e429f3dc8 )).
信息 - Connected to MySQL version 5.5 using JDBC driver MySQL Connector Java version mysql-connector-java-5.1.36 ( Revision: 4fc1f969f740409a4e03750316df2c0e429f3dc8 ). 
信息 - The temporary file &quot;C:\Users\黑妹\AppData\Local\Temp\org.apache.openjpa.enhance.InstrumentationFactory5990269524965538547.jar&quot; was created and it may not get cleaned up properly.
信息 - Creating subclass and redefining methods for &quot;[class report.Owner, class report.Pet]&quot;. This means that your application will be less efficient than it would if you ran the OpenJPA enhancer.
严重 - EjbTransactionUtil.handleSystemException: null
&lt;openjpa-2.4.0-r422266:1674604 fatal general error&gt; org.apache.openjpa.persistence.PersistenceException: null
	at org.apache.openjpa.enhance.ClassRedefiner.redefineClasses(ClassRedefiner.java:96)
	at org.apache.openjpa.enhance.ManagedClassSubclasser.prepareUnenhancedClasses(ManagedClassSubclasser.java:176)
	at org.apache.openjpa.kernel.AbstractBrokerFactory.loadPersistentTypes(AbstractBrokerFactory.java:311)
	at org.apache.openjpa.kernel.AbstractBrokerFactory.initializeBroker(AbstractBrokerFactory.java:235)
	at org.apache.openjpa.kernel.AbstractBrokerFactory.newBroker(AbstractBrokerFactory.java:211)
	at org.apache.openjpa.kernel.DelegatingBrokerFactory.newBroker(DelegatingBrokerFactory.java:154)
	at org.apache.openjpa.persistence.EntityManagerFactoryImpl.createEntityManager(EntityManagerFactoryImpl.java:226)
	at org.apache.openjpa.persistence.EntityManagerFactoryImpl.createEntityManager(EntityManagerFactoryImpl.java:59)
	at org.apache.openejb.assembler.classic.ReloadableEntityManagerFactory.createEntityManager(ReloadableEntityManagerFactory.java:160)
	at org.apache.openejb.persistence.JtaEntityManagerRegistry.getEntityManager(JtaEntityManagerRegistry.java:119)
	at org.apache.openejb.persistence.JtaEntityManager.getEntityManager(JtaEntityManager.java:101)
	at org.apache.openejb.persistence.JtaEntityManager.proxyIfNoTx(JtaEntityManager.java:331)
	at org.apache.openejb.persistence.JtaEntityManager.createNamedQuery(JtaEntityManager.java:294)
	at report.crud.OwnerBean.readingOwnerAll(OwnerBean.java:107)
	at sun.reflect.NativeMethodAccessorImpl.invoke0(Native Method)
	at sun.reflect.NativeMethodAccessorImpl.invoke(NativeMethodAccessorImpl.java:62)
	at sun.reflect.DelegatingMethodAccessorImpl.invoke(DelegatingMethodAccessorImpl.java:43)
	at java.lang.reflect.Method.invoke(Method.java:498)
	at org.apache.openejb.core.interceptor.ReflectionInvocationContext$Invocation.invoke(ReflectionInvocationContext.java:192)
	at org.apache.openejb.core.interceptor.ReflectionInvocationContext.proceed(ReflectionInvocationContext.java:173)
	at org.apache.openejb.monitoring.StatsInterceptor.record(StatsInterceptor.java:181)
	at org.apache.openejb.monitoring.StatsInterceptor.invoke(StatsInterceptor.java:100)
	at sun.reflect.NativeMethodAccessorImpl.invoke0(Native Method)
	at sun.reflect.NativeMethodAccessorImpl.invoke(NativeMethodAccessorImpl.java:62)
	at sun.reflect.DelegatingMethodAccessorImpl.invoke(DelegatingMethodAccessorImpl.java:43)
	at java.lang.reflect.Method.invoke(Method.java:498)
	at org.apache.openejb.core.interceptor.ReflectionInvocationContext$Invocation.invoke(ReflectionInvocationContext.java:192)
	at org.apache.openejb.core.interceptor.ReflectionInvocationContext.proceed(ReflectionInvocationContext.java:173)
	at org.apache.openejb.core.interceptor.InterceptorStack.invoke(InterceptorStack.java:85)
	at org.apache.openejb.core.stateless.StatelessContainer._invoke(StatelessContainer.java:227)
	at org.apache.openejb.core.stateless.StatelessContainer.invoke(StatelessContainer.java:194)
	at org.apache.openejb.core.ivm.EjbObjectProxyHandler.synchronizedBusinessMethod(EjbObjectProxyHandler.java:317)
	at org.apache.openejb.core.ivm.EjbObjectProxyHandler.businessMethod(EjbObjectProxyHandler.java:312)
	at org.apache.openejb.core.ivm.EjbObjectProxyHandler._invoke(EjbObjectProxyHandler.java:92)
	at org.apache.openejb.core.ivm.BaseEjbProxyHandler.invoke(BaseEjbProxyHandler.java:325)
	at report.crud.OwnerBean$$LocalBeanProxy.readingOwnerAll(report/crud/OwnerBean.java)
	at polsl.pl.Testing.before(Testing.java:83)
	at sun.reflect.NativeMethodAccessorImpl.invoke0(Native Method)
	at sun.reflect.NativeMethodAccessorImpl.invoke(NativeMethodAccessorImpl.java:62)
	at sun.reflect.DelegatingMethodAccessorImpl.invoke(DelegatingMethodAccessorImpl.java:43)
	at java.lang.reflect.Method.invoke(Method.java:498)
	at org.junit.runners.model.FrameworkMethod$1.runReflectiveCall(FrameworkMethod.java:50)
	at org.junit.internal.runners.model.ReflectiveCallable.run(ReflectiveCallable.java:12)
	at org.junit.runners.model.FrameworkMethod.invokeExplosively(FrameworkMethod.java:47)
	at org.junit.internal.runners.statements.RunBefores.evaluate(RunBefores.java:24)
	at org.junit.internal.runners.statements.RunAfters.evaluate(RunAfters.java:27)
	at org.junit.runners.ParentRunner.runLeaf(ParentRunner.java:325)
	at org.junit.runners.BlockJUnit4ClassRunner.runChild(BlockJUnit4ClassRunner.java:78)
	at org.junit.runners.BlockJUnit4ClassRunner.runChild(BlockJUnit4ClassRunner.java:57)
	at org.junit.runners.ParentRunner$3.run(ParentRunner.java:290)
	at org.junit.runners.ParentRunner$1.schedule(ParentRunner.java:71)
	at org.junit.runners.ParentRunner.runChildren(ParentRunner.java:288)
	at org.junit.runners.ParentRunner.access$000(ParentRunner.java:58)
	at org.junit.runners.ParentRunner$2.evaluate(ParentRunner.java:268)
	at org.junit.internal.runners.statements.RunBefores.evaluate(RunBefores.java:26)
	at org.junit.runners.ParentRunner.run(ParentRunner.java:363)
	at org.apache.maven.surefire.junit4.JUnit4TestSet.execute(JUnit4TestSet.java:53)
	at org.apache.maven.surefire.junit4.JUnit4Provider.executeTestSet(JUnit4Provider.java:123)
	at org.apache.maven.surefire.junit4.JUnit4Provider.invoke(JUnit4Provider.java:104)
	at sun.reflect.NativeMethodAccessorImpl.invoke0(Native Method)
	at sun.reflect.NativeMethodAccessorImpl.invoke(NativeMethodAccessorImpl.java:62)
	at sun.reflect.DelegatingMethodAccessorImpl.invoke(DelegatingMethodAccessorImpl.java:43)
	at java.lang.reflect.Method.invoke(Method.java:498)
	at org.apache.maven.surefire.util.ReflectionUtils.invokeMethodWithArray(ReflectionUtils.java:164)
	at org.apache.maven.surefire.booter.ProviderFactory$ProviderProxy.invoke(ProviderFactory.java:110)
	at org.apache.maven.surefire.booter.SurefireStarter.invokeProvider(SurefireStarter.java:175)
	at org.apache.maven.surefire.booter.SurefireStarter.runSuitesInProcessWhenForked(SurefireStarter.java:107)
	at org.apache.maven.surefire.booter.ForkedBooter.main(ForkedBooter.java:68)
Caused by: java.lang.reflect.InvocationTargetException
	at sun.reflect.NativeMethodAccessorImpl.invoke0(Native Method)
	at sun.reflect.NativeMethodAccessorImpl.invoke(NativeMethodAccessorImpl.java:62)
	at sun.reflect.DelegatingMethodAccessorImpl.invoke(DelegatingMethodAccessorImpl.java:43)
	at java.lang.reflect.Method.invoke(Method.java:498)
	at org.apache.openjpa.enhance.ClassRedefiner.redefineClasses(ClassRedefiner.java:85)
	... 67 more
Caused by: java.lang.VerifyError
	at sun.instrument.InstrumentationImpl.retransformClasses0(Native Method)
	at sun.instrument.InstrumentationImpl.retransformClasses(InstrumentationImpl.java:144)
	... 72 more
严重 - EjbTransactionUtil.handleSystemException: Table &apos;lab.owner&apos; doesn&apos;t exist {prepstmnt 1181567472 SELECT t0.onwerID, t0.birthDate, t0.gender, t0.ownerName FROM owner t0} [code=1146, state=42S02]
&lt;openjpa-2.4.0-r422266:1674604 fatal general error&gt; org.apache.openjpa.persistence.PersistenceException: Table &apos;lab.owner&apos; doesn&apos;t exist {prepstmnt 1181567472 SELECT t0.onwerID, t0.birthDate, t0.gender, t0.ownerName FROM owner t0} [code=1146, state=42S02]
FailedObject: SELECT s FROM Owner s [java.lang.String]
	at org.apache.openjpa.jdbc.sql.DBDictionary.narrow(DBDictionary.java:5001)
	at org.apache.openjpa.jdbc.sql.DBDictionary.newStoreException(DBDictionary.java:4961)
	at org.apache.openjpa.jdbc.sql.SQLExceptions.getStore(SQLExceptions.java:133)
	at org.apache.openjpa.jdbc.sql.SQLExceptions.getStore(SQLExceptions.java:115)
	at org.apache.openjpa.jdbc.sql.SQLExceptions.getStore(SQLExceptions.java:67)
	at org.apache.openjpa.jdbc.kernel.SelectResultObjectProvider.handleCheckedException(SelectResultObjectProvider.java:154)
	at org.apache.openjpa.lib.rop.EagerResultList.&lt;init&gt;(EagerResultList.java:39)
	at org.apache.openjpa.kernel.QueryImpl.toResult(QueryImpl.java:1250)
	at org.apache.openjpa.kernel.QueryImpl.execute(QueryImpl.java:1006)
	at org.apache.openjpa.kernel.QueryImpl.execute(QueryImpl.java:862)
	at org.apache.openjpa.kernel.QueryImpl.execute(QueryImpl.java:793)
	at org.apache.openjpa.kernel.DelegatingQuery.execute(DelegatingQuery.java:541)
	at org.apache.openjpa.persistence.QueryImpl.execute(QueryImpl.java:274)
	at org.apache.openjpa.persistence.QueryImpl.getResultList(QueryImpl.java:290)
	at report.crud.OwnerBean.readingOwnerAll(OwnerBean.java:107)
	at sun.reflect.NativeMethodAccessorImpl.invoke0(Native Method)
	at sun.reflect.NativeMethodAccessorImpl.invoke(NativeMethodAccessorImpl.java:62)
	at sun.reflect.DelegatingMethodAccessorImpl.invoke(DelegatingMethodAccessorImpl.java:43)
	at java.lang.reflect.Method.invoke(Method.java:498)
	at org.apache.openejb.core.interceptor.ReflectionInvocationContext$Invocation.invoke(ReflectionInvocationContext.java:192)
	at org.apache.openejb.core.interceptor.ReflectionInvocationContext.proceed(ReflectionInvocationContext.java:173)
	at org.apache.openejb.monitoring.StatsInterceptor.record(StatsInterceptor.java:181)
	at org.apache.openejb.monitoring.StatsInterceptor.invoke(StatsInterceptor.java:100)
	at sun.reflect.NativeMethodAccessorImpl.invoke0(Native Method)
	at sun.reflect.NativeMethodAccessorImpl.invoke(NativeMethodAccessorImpl.java:62)
	at sun.reflect.DelegatingMethodAccessorImpl.invoke(DelegatingMethodAccessorImpl.java:43)
	at java.lang.reflect.Method.invoke(Method.java:498)
	at org.apache.openejb.core.interceptor.ReflectionInvocationContext$Invocation.invoke(ReflectionInvocationContext.java:192)
	at org.apache.openejb.core.interceptor.ReflectionInvocationContext.proceed(ReflectionInvocationContext.java:173)
	at org.apache.openejb.core.interceptor.InterceptorStack.invoke(InterceptorStack.java:85)
	at org.apache.openejb.core.stateless.StatelessContainer._invoke(StatelessContainer.java:227)
	at org.apache.openejb.core.stateless.StatelessContainer.invoke(StatelessContainer.java:194)
	at org.apache.openejb.core.ivm.EjbObjectProxyHandler.synchronizedBusinessMethod(EjbObjectProxyHandler.java:317)
	at org.apache.openejb.core.ivm.EjbObjectProxyHandler.businessMethod(EjbObjectProxyHandler.java:312)
	at org.apache.openejb.core.ivm.EjbObjectProxyHandler._invoke(EjbObjectProxyHandler.java:92)
	at org.apache.openejb.core.ivm.BaseEjbProxyHandler.invoke(BaseEjbProxyHandler.java:325)
	at report.crud.OwnerBean$$LocalBeanProxy.readingOwnerAll(report/crud/OwnerBean.java)
	at polsl.pl.Testing.after(Testing.java:150)
	at sun.reflect.NativeMethodAccessorImpl.invoke0(Native Method)
	at sun.reflect.NativeMethodAccessorImpl.invoke(NativeMethodAccessorImpl.java:62)
	at sun.reflect.DelegatingMethodAccessorImpl.invoke(DelegatingMethodAccessorImpl.java:43)
	at java.lang.reflect.Method.invoke(Method.java:498)
	at org.junit.runners.model.FrameworkMethod$1.runReflectiveCall(FrameworkMethod.java:50)
	at org.junit.internal.runners.model.ReflectiveCallable.run(ReflectiveCallable.java:12)
	at org.junit.runners.model.FrameworkMethod.invokeExplosively(FrameworkMethod.java:47)
	at org.junit.internal.runners.statements.RunAfters.evaluate(RunAfters.java:33)
	at org.junit.runners.ParentRunner.runLeaf(ParentRunner.java:325)
	at org.junit.runners.BlockJUnit4ClassRunner.runChild(BlockJUnit4ClassRunner.java:78)
	at org.junit.runners.BlockJUnit4ClassRunner.runChild(BlockJUnit4ClassRunner.java:57)
	at org.junit.runners.ParentRunner$3.run(ParentRunner.java:290)
	at org.junit.runners.ParentRunner$1.schedule(ParentRunner.java:71)
	at org.junit.runners.ParentRunner.runChildren(ParentRunner.java:288)
	at org.junit.runners.ParentRunner.access$000(ParentRunner.java:58)
	at org.junit.runners.ParentRunner$2.evaluate(ParentRunner.java:268)
	at org.junit.internal.runners.statements.RunBefores.evaluate(RunBefores.java:26)
	at org.junit.runners.ParentRunner.run(ParentRunner.java:363)
	at org.apache.maven.surefire.junit4.JUnit4TestSet.execute(JUnit4TestSet.java:53)
	at org.apache.maven.surefire.junit4.JUnit4Provider.executeTestSet(JUnit4Provider.java:123)
	at org.apache.maven.surefire.junit4.JUnit4Provider.invoke(JUnit4Provider.java:104)
	at sun.reflect.NativeMethodAccessorImpl.invoke0(Native Method)
	at sun.reflect.NativeMethodAccessorImpl.invoke(NativeMethodAccessorImpl.java:62)
	at sun.reflect.DelegatingMethodAccessorImpl.invoke(DelegatingMethodAccessorImpl.java:43)
	at java.lang.reflect.Method.invoke(Method.java:498)
	at org.apache.maven.surefire.util.ReflectionUtils.invokeMethodWithArray(ReflectionUtils.java:164)
	at org.apache.maven.surefire.booter.ProviderFactory$ProviderProxy.invoke(ProviderFactory.java:110)
	at org.apache.maven.surefire.booter.SurefireStarter.invokeProvider(SurefireStarter.java:175)
	at org.apache.maven.surefire.booter.SurefireStarter.runSuitesInProcessWhenForked(SurefireStarter.java:107)
	at org.apache.maven.surefire.booter.ForkedBooter.main(ForkedBooter.java:68)
Caused by: org.apache.openjpa.lib.jdbc.ReportingSQLException: Table &apos;lab.owner&apos; doesn&apos;t exist {prepstmnt 1181567472 SELECT t0.onwerID, t0.birthDate, t0.gender, t0.ownerName FROM owner t0} [code=1146, state=42S02]
	at org.apache.openjpa.lib.jdbc.LoggingConnectionDecorator.wrap(LoggingConnectionDecorator.java:218)
	at org.apache.openjpa.lib.jdbc.LoggingConnectionDecorator.wrap(LoggingConnectionDecorator.java:202)
	at org.apache.openjpa.lib.jdbc.LoggingConnectionDecorator.access$700(LoggingConnectionDecorator.java:58)
	at org.apache.openjpa.lib.jdbc.LoggingConnectionDecorator$LoggingConnection$LoggingPreparedStatement.executeQuery(LoggingConnectionDecorator.java:1117)
	at org.apache.openjpa.lib.jdbc.DelegatingPreparedStatement.executeQuery(DelegatingPreparedStatement.java:268)
	at org.apache.openjpa.jdbc.kernel.JDBCStoreManager$CancelPreparedStatement.executeQuery(JDBCStoreManager.java:1800)
	at org.apache.openjpa.lib.jdbc.DelegatingPreparedStatement.executeQuery(DelegatingPreparedStatement.java:258)
	at org.apache.openjpa.jdbc.sql.SelectImpl.executeQuery(SelectImpl.java:500)
	at org.apache.openjpa.jdbc.sql.SelectImpl.execute(SelectImpl.java:425)
	at org.apache.openjpa.jdbc.sql.SelectImpl.execute(SelectImpl.java:392)
	at org.apache.openjpa.jdbc.sql.LogicalUnion$UnionSelect.execute(LogicalUnion.java:427)
	at org.apache.openjpa.jdbc.sql.LogicalUnion.execute(LogicalUnion.java:230)
	at org.apache.openjpa.jdbc.sql.LogicalUnion.execute(LogicalUnion.java:220)
	at org.apache.openjpa.jdbc.kernel.SelectResultObjectProvider.open(SelectResultObjectProvider.java:93)
	at org.apache.openjpa.lib.rop.EagerResultList.&lt;init&gt;(EagerResultList.java:33)
	... 61 more
NestedThrowables:
com.mysql.jdbc.exceptions.jdbc4.MySQLSyntaxErrorException: Table &apos;lab.owner&apos; doesn&apos;t exist
	at sun.reflect.NativeConstructorAccessorImpl.newInstance0(Native Method)
	at sun.reflect.NativeConstructorAccessorImpl.newInstance(NativeConstructorAccessorImpl.java:62)
	at sun.reflect.DelegatingConstructorAccessorImpl.newInstance(DelegatingConstructorAccessorImpl.java:45)
	at java.lang.reflect.Constructor.newInstance(Constructor.java:423)
	at com.mysql.jdbc.Util.handleNewInstance(Util.java:400)
	at com.mysql.jdbc.Util.getInstance(Util.java:383)
	at com.mysql.jdbc.SQLError.createSQLException(SQLError.java:980)
	at com.mysql.jdbc.MysqlIO.checkErrorPacket(MysqlIO.java:3847)
	at com.mysql.jdbc.MysqlIO.checkErrorPacket(MysqlIO.java:3783)
	at com.mysql.jdbc.MysqlIO.sendCommand(MysqlIO.java:2447)
	at com.mysql.jdbc.MysqlIO.sqlQueryDirect(MysqlIO.java:2594)
	at com.mysql.jdbc.ConnectionImpl.execSQL(ConnectionImpl.java:2545)
	at com.mysql.jdbc.PreparedStatement.executeInternal(PreparedStatement.java:1901)
	at com.mysql.jdbc.PreparedStatement.executeQuery(PreparedStatement.java:2002)
	at org.apache.commons.dbcp.DelegatingPreparedStatement.executeQuery(DelegatingPreparedStatement.java:96)
	at org.apache.commons.dbcp.DelegatingPreparedStatement.executeQuery(DelegatingPreparedStatement.java:96)
	at org.apache.openjpa.lib.jdbc.DelegatingPreparedStatement.executeQuery(DelegatingPreparedStatement.java:270)
	at org.apache.openjpa.lib.jdbc.LoggingConnectionDecorator$LoggingConnection$LoggingPreparedStatement.executeQuery(LoggingConnectionDecorator.java:1115)
	at org.apache.openjpa.lib.jdbc.DelegatingPreparedStatement.executeQuery(DelegatingPreparedStatement.java:268)
	at org.apache.openjpa.jdbc.kernel.JDBCStoreManager$CancelPreparedStatement.executeQuery(JDBCStoreManager.java:1800)
	at org.apache.openjpa.lib.jdbc.DelegatingPreparedStatement.executeQuery(DelegatingPreparedStatement.java:258)
	at org.apache.openjpa.jdbc.sql.SelectImpl.executeQuery(SelectImpl.java:500)
	at org.apache.openjpa.jdbc.sql.SelectImpl.execute(SelectImpl.java:425)
	at org.apache.openjpa.jdbc.sql.SelectImpl.execute(SelectImpl.java:392)
	at org.apache.openjpa.jdbc.sql.LogicalUnion$UnionSelect.execute(LogicalUnion.java:427)
	at org.apache.openjpa.jdbc.sql.LogicalUnion.execute(LogicalUnion.java:230)
	at org.apache.openjpa.jdbc.sql.LogicalUnion.execute(LogicalUnion.java:220)
	at org.apache.openjpa.jdbc.kernel.SelectResultObjectProvider.open(SelectResultObjectProvider.java:93)
	at org.apache.openjpa.lib.rop.EagerResultList.&lt;init&gt;(EagerResultList.java:33)
	at org.apache.openjpa.kernel.QueryImpl.toResult(QueryImpl.java:1250)
	at org.apache.openjpa.kernel.QueryImpl.execute(QueryImpl.java:1006)
	at org.apache.openjpa.kernel.QueryImpl.execute(QueryImpl.java:862)
	at org.apache.openjpa.kernel.QueryImpl.execute(QueryImpl.java:793)
	at org.apache.openjpa.kernel.DelegatingQuery.execute(DelegatingQuery.java:541)
	at org.apache.openjpa.persistence.QueryImpl.execute(QueryImpl.java:274)
	at org.apache.openjpa.persistence.QueryImpl.getResultList(QueryImpl.java:290)
	at report.crud.OwnerBean.readingOwnerAll(OwnerBean.java:107)
	at sun.reflect.NativeMethodAccessorImpl.invoke0(Native Method)
	at sun.reflect.NativeMethodAccessorImpl.invoke(NativeMethodAccessorImpl.java:62)
	at sun.reflect.DelegatingMethodAccessorImpl.invoke(DelegatingMethodAccessorImpl.java:43)
	at java.lang.reflect.Method.invoke(Method.java:498)
	at org.apache.openejb.core.interceptor.ReflectionInvocationContext$Invocation.invoke(ReflectionInvocationContext.java:192)
	at org.apache.openejb.core.interceptor.ReflectionInvocationContext.proceed(ReflectionInvocationContext.java:173)
	at org.apache.openejb.monitoring.StatsInterceptor.record(StatsInterceptor.java:181)
	at org.apache.openejb.monitoring.StatsInterceptor.invoke(StatsInterceptor.java:100)
	at sun.reflect.NativeMethodAccessorImpl.invoke0(Native Method)
	at sun.reflect.NativeMethodAccessorImpl.invoke(NativeMethodAccessorImpl.java:62)
	at sun.reflect.DelegatingMethodAccessorImpl.invoke(DelegatingMethodAccessorImpl.java:43)
	at java.lang.reflect.Method.invoke(Method.java:498)
	at org.apache.openejb.core.interceptor.ReflectionInvocationContext$Invocation.invoke(ReflectionInvocationContext.java:192)
	at org.apache.openejb.core.interceptor.ReflectionInvocationContext.proceed(ReflectionInvocationContext.java:173)
	at org.apache.openejb.core.interceptor.InterceptorStack.invoke(InterceptorStack.java:85)
	at org.apache.openejb.core.stateless.StatelessContainer._invoke(StatelessContainer.java:227)
	at org.apache.openejb.core.stateless.StatelessContainer.invoke(StatelessContainer.java:194)
	at org.apache.openejb.core.ivm.EjbObjectProxyHandler.synchronizedBusinessMethod(EjbObjectProxyHandler.java:317)
	at org.apache.openejb.core.ivm.EjbObjectProxyHandler.businessMethod(EjbObjectProxyHandler.java:312)
	at org.apache.openejb.core.ivm.EjbObjectProxyHandler._invoke(EjbObjectProxyHandler.java:92)
	at org.apache.openejb.core.ivm.BaseEjbProxyHandler.invoke(BaseEjbProxyHandler.java:325)
	at report.crud.OwnerBean$$LocalBeanProxy.readingOwnerAll(report/crud/OwnerBean.java)
	at polsl.pl.Testing.after(Testing.java:150)
	at sun.reflect.NativeMethodAccessorImpl.invoke0(Native Method)
	at sun.reflect.NativeMethodAccessorImpl.invoke(NativeMethodAccessorImpl.java:62)
	at sun.reflect.DelegatingMethodAccessorImpl.invoke(DelegatingMethodAccessorImpl.java:43)
	at java.lang.reflect.Method.invoke(Method.java:498)
	at org.junit.runners.model.FrameworkMethod$1.runReflectiveCall(FrameworkMethod.java:50)
	at org.junit.internal.runners.model.ReflectiveCallable.run(ReflectiveCallable.java:12)
	at org.junit.runners.model.FrameworkMethod.invokeExplosively(FrameworkMethod.java:47)
	at org.junit.internal.runners.statements.RunAfters.evaluate(RunAfters.java:33)
	at org.junit.runners.ParentRunner.runLeaf(ParentRunner.java:325)
	at org.junit.runners.BlockJUnit4ClassRunner.runChild(BlockJUnit4ClassRunner.java:78)
	at org.junit.runners.BlockJUnit4ClassRunner.runChild(BlockJUnit4ClassRunner.java:57)
	at org.junit.runners.ParentRunner$3.run(ParentRunner.java:290)
	at org.junit.runners.ParentRunner$1.schedule(ParentRunner.java:71)
	at org.junit.runners.ParentRunner.runChildren(ParentRunner.java:288)
	at org.junit.runners.ParentRunner.access$000(ParentRunner.java:58)
	at org.junit.runners.ParentRunner$2.evaluate(ParentRunner.java:268)
	at org.junit.internal.runners.statements.RunBefores.evaluate(RunBefores.java:26)
	at org.junit.runners.ParentRunner.run(ParentRunner.java:363)
	at org.apache.maven.surefire.junit4.JUnit4TestSet.execute(JUnit4TestSet.java:53)
	at org.apache.maven.surefire.junit4.JUnit4Provider.executeTestSet(JUnit4Provider.java:123)
	at org.apache.maven.surefire.junit4.JUnit4Provider.invoke(JUnit4Provider.java:104)
	at sun.reflect.NativeMethodAccessorImpl.invoke0(Native Method)
	at sun.reflect.NativeMethodAccessorImpl.invoke(NativeMethodAccessorImpl.java:62)
	at sun.reflect.DelegatingMethodAccessorImpl.invoke(DelegatingMethodAccessorImpl.java:43)
	at java.lang.reflect.Method.invoke(Method.java:498)
	at org.apache.maven.surefire.util.ReflectionUtils.invokeMethodWithArray(ReflectionUtils.java:164)
	at org.apache.maven.surefire.booter.ProviderFactory$ProviderProxy.invoke(ProviderFactory.java:110)
	at org.apache.maven.surefire.booter.SurefireStarter.invokeProvider(SurefireStarter.java:175)
	at org.apache.maven.surefire.booter.SurefireStarter.runSuitesInProcessWhenForked(SurefireStarter.java:107)
	at org.apache.maven.surefire.booter.ForkedBooter.main(ForkedBooter.java:68)
</system-out>
  </testcase>
  <testcase classname="polsl.pl.Testing" name="removing" time="0.896">
    <error message="The bean encountered a non-application exception; nested exception is: 
	&lt;openjpa-2.4.0-r422266:1674604 fatal general error&gt; org.apache.openjpa.persistence.PersistenceException: Table &apos;lab.owner&apos; doesn&apos;t exist {prepstmnt 1181567472 SELECT t0.onwerID, t0.birthDate, t0.gender, t0.ownerName FROM owner t0} [code=1146, state=42S02]
FailedObject: SELECT s FROM Owner s [java.lang.String]" type="javax.ejb.EJBException">javax.ejb.EJBException: The bean encountered a non-application exception; nested exception is: 
	&lt;openjpa-2.4.0-r422266:1674604 fatal general error&gt; org.apache.openjpa.persistence.PersistenceException: Table &apos;lab.owner&apos; doesn&apos;t exist {prepstmnt 1181567472 SELECT t0.onwerID, t0.birthDate, t0.gender, t0.ownerName FROM owner t0} [code=1146, state=42S02]
FailedObject: SELECT s FROM Owner s [java.lang.String]
	at org.apache.openejb.core.ivm.BaseEjbProxyHandler.convertException(BaseEjbProxyHandler.java:427)
	at org.apache.openejb.core.ivm.BaseEjbProxyHandler.invoke(BaseEjbProxyHandler.java:329)
	at report.crud.OwnerBean$$LocalBeanProxy.readingOwnerAll(report/crud/OwnerBean.java)
	at polsl.pl.Testing.after(Testing.java:150)
	at sun.reflect.NativeMethodAccessorImpl.invoke0(Native Method)
	at sun.reflect.NativeMethodAccessorImpl.invoke(NativeMethodAccessorImpl.java:62)
	at sun.reflect.DelegatingMethodAccessorImpl.invoke(DelegatingMethodAccessorImpl.java:43)
	at java.lang.reflect.Method.invoke(Method.java:498)
	at org.junit.runners.model.FrameworkMethod$1.runReflectiveCall(FrameworkMethod.java:50)
	at org.junit.internal.runners.model.ReflectiveCallable.run(ReflectiveCallable.java:12)
	at org.junit.runners.model.FrameworkMethod.invokeExplosively(FrameworkMethod.java:47)
	at org.junit.internal.runners.statements.RunAfters.evaluate(RunAfters.java:33)
	at org.junit.runners.ParentRunner.runLeaf(ParentRunner.java:325)
	at org.junit.runners.BlockJUnit4ClassRunner.runChild(BlockJUnit4ClassRunner.java:78)
	at org.junit.runners.BlockJUnit4ClassRunner.runChild(BlockJUnit4ClassRunner.java:57)
	at org.junit.runners.ParentRunner$3.run(ParentRunner.java:290)
	at org.junit.runners.ParentRunner$1.schedule(ParentRunner.java:71)
	at org.junit.runners.ParentRunner.runChildren(ParentRunner.java:288)
	at org.junit.runners.ParentRunner.access$000(ParentRunner.java:58)
	at org.junit.runners.ParentRunner$2.evaluate(ParentRunner.java:268)
	at org.junit.internal.runners.statements.RunBefores.evaluate(RunBefores.java:26)
	at org.junit.runners.ParentRunner.run(ParentRunner.java:363)
	at org.apache.maven.surefire.junit4.JUnit4TestSet.execute(JUnit4TestSet.java:53)
	at org.apache.maven.surefire.junit4.JUnit4Provider.executeTestSet(JUnit4Provider.java:123)
	at org.apache.maven.surefire.junit4.JUnit4Provider.invoke(JUnit4Provider.java:104)
	at sun.reflect.NativeMethodAccessorImpl.invoke0(Native Method)
	at sun.reflect.NativeMethodAccessorImpl.invoke(NativeMethodAccessorImpl.java:62)
	at sun.reflect.DelegatingMethodAccessorImpl.invoke(DelegatingMethodAccessorImpl.java:43)
	at java.lang.reflect.Method.invoke(Method.java:498)
	at org.apache.maven.surefire.util.ReflectionUtils.invokeMethodWithArray(ReflectionUtils.java:164)
	at org.apache.maven.surefire.booter.ProviderFactory$ProviderProxy.invoke(ProviderFactory.java:110)
	at org.apache.maven.surefire.booter.SurefireStarter.invokeProvider(SurefireStarter.java:175)
	at org.apache.maven.surefire.booter.SurefireStarter.runSuitesInProcessWhenForked(SurefireStarter.java:107)
	at org.apache.maven.surefire.booter.ForkedBooter.main(ForkedBooter.java:68)
Caused by: &lt;openjpa-2.4.0-r422266:1674604 fatal general error&gt; org.apache.openjpa.persistence.PersistenceException: Table &apos;lab.owner&apos; doesn&apos;t exist {prepstmnt 1181567472 SELECT t0.onwerID, t0.birthDate, t0.gender, t0.ownerName FROM owner t0} [code=1146, state=42S02]
FailedObject: SELECT s FROM Owner s [java.lang.String]
	at org.apache.openjpa.jdbc.sql.DBDictionary.narrow(DBDictionary.java:5001)
	at org.apache.openjpa.jdbc.sql.DBDictionary.newStoreException(DBDictionary.java:4961)
	at org.apache.openjpa.jdbc.sql.SQLExceptions.getStore(SQLExceptions.java:133)
	at org.apache.openjpa.jdbc.sql.SQLExceptions.getStore(SQLExceptions.java:115)
	at org.apache.openjpa.jdbc.sql.SQLExceptions.getStore(SQLExceptions.java:67)
	at org.apache.openjpa.jdbc.kernel.SelectResultObjectProvider.handleCheckedException(SelectResultObjectProvider.java:154)
	at org.apache.openjpa.lib.rop.EagerResultList.&lt;init&gt;(EagerResultList.java:39)
	at org.apache.openjpa.kernel.QueryImpl.toResult(QueryImpl.java:1250)
	at org.apache.openjpa.kernel.QueryImpl.execute(QueryImpl.java:1006)
	at org.apache.openjpa.kernel.QueryImpl.execute(QueryImpl.java:862)
	at org.apache.openjpa.kernel.QueryImpl.execute(QueryImpl.java:793)
	at org.apache.openjpa.kernel.DelegatingQuery.execute(DelegatingQuery.java:541)
	at org.apache.openjpa.persistence.QueryImpl.execute(QueryImpl.java:274)
	at org.apache.openjpa.persistence.QueryImpl.getResultList(QueryImpl.java:290)
	at report.crud.OwnerBean.readingOwnerAll(OwnerBean.java:107)
	at sun.reflect.NativeMethodAccessorImpl.invoke0(Native Method)
	at sun.reflect.NativeMethodAccessorImpl.invoke(NativeMethodAccessorImpl.java:62)
	at sun.reflect.DelegatingMethodAccessorImpl.invoke(DelegatingMethodAccessorImpl.java:43)
	at java.lang.reflect.Method.invoke(Method.java:498)
	at org.apache.openejb.core.interceptor.ReflectionInvocationContext$Invocation.invoke(ReflectionInvocationContext.java:192)
	at org.apache.openejb.core.interceptor.ReflectionInvocationContext.proceed(ReflectionInvocationContext.java:173)
	at org.apache.openejb.monitoring.StatsInterceptor.record(StatsInterceptor.java:181)
	at org.apache.openejb.monitoring.StatsInterceptor.invoke(StatsInterceptor.java:100)
	at sun.reflect.NativeMethodAccessorImpl.invoke0(Native Method)
	at sun.reflect.NativeMethodAccessorImpl.invoke(NativeMethodAccessorImpl.java:62)
	at sun.reflect.DelegatingMethodAccessorImpl.invoke(DelegatingMethodAccessorImpl.java:43)
	at java.lang.reflect.Method.invoke(Method.java:498)
	at org.apache.openejb.core.interceptor.ReflectionInvocationContext$Invocation.invoke(ReflectionInvocationContext.java:192)
	at org.apache.openejb.core.interceptor.ReflectionInvocationContext.proceed(ReflectionInvocationContext.java:173)
	at org.apache.openejb.core.interceptor.InterceptorStack.invoke(InterceptorStack.java:85)
	at org.apache.openejb.core.stateless.StatelessContainer._invoke(StatelessContainer.java:227)
	at org.apache.openejb.core.stateless.StatelessContainer.invoke(StatelessContainer.java:194)
	at org.apache.openejb.core.ivm.EjbObjectProxyHandler.synchronizedBusinessMethod(EjbObjectProxyHandler.java:317)
	at org.apache.openejb.core.ivm.EjbObjectProxyHandler.businessMethod(EjbObjectProxyHandler.java:312)
	at org.apache.openejb.core.ivm.EjbObjectProxyHandler._invoke(EjbObjectProxyHandler.java:92)
	at org.apache.openejb.core.ivm.BaseEjbProxyHandler.invoke(BaseEjbProxyHandler.java:325)
	... 32 more
Caused by: org.apache.openjpa.lib.jdbc.ReportingSQLException: Table &apos;lab.owner&apos; doesn&apos;t exist {prepstmnt 1181567472 SELECT t0.onwerID, t0.birthDate, t0.gender, t0.ownerName FROM owner t0} [code=1146, state=42S02]
	at org.apache.openjpa.lib.jdbc.LoggingConnectionDecorator.wrap(LoggingConnectionDecorator.java:218)
	at org.apache.openjpa.lib.jdbc.LoggingConnectionDecorator.wrap(LoggingConnectionDecorator.java:202)
	at org.apache.openjpa.lib.jdbc.LoggingConnectionDecorator.access$700(LoggingConnectionDecorator.java:58)
	at org.apache.openjpa.lib.jdbc.LoggingConnectionDecorator$LoggingConnection$LoggingPreparedStatement.executeQuery(LoggingConnectionDecorator.java:1117)
	at org.apache.openjpa.lib.jdbc.DelegatingPreparedStatement.executeQuery(DelegatingPreparedStatement.java:268)
	at org.apache.openjpa.jdbc.kernel.JDBCStoreManager$CancelPreparedStatement.executeQuery(JDBCStoreManager.java:1800)
	at org.apache.openjpa.lib.jdbc.DelegatingPreparedStatement.executeQuery(DelegatingPreparedStatement.java:258)
	at org.apache.openjpa.jdbc.sql.SelectImpl.executeQuery(SelectImpl.java:500)
	at org.apache.openjpa.jdbc.sql.SelectImpl.execute(SelectImpl.java:425)
	at org.apache.openjpa.jdbc.sql.SelectImpl.execute(SelectImpl.java:392)
	at org.apache.openjpa.jdbc.sql.LogicalUnion$UnionSelect.execute(LogicalUnion.java:427)
	at org.apache.openjpa.jdbc.sql.LogicalUnion.execute(LogicalUnion.java:230)
	at org.apache.openjpa.jdbc.sql.LogicalUnion.execute(LogicalUnion.java:220)
	at org.apache.openjpa.jdbc.kernel.SelectResultObjectProvider.open(SelectResultObjectProvider.java:93)
	at org.apache.openjpa.lib.rop.EagerResultList.&lt;init&gt;(EagerResultList.java:33)
	... 61 more
</error>
  </testcase>
  <testcase classname="polsl.pl.Testing" name="reading" time="0.028">
    <error message="The bean encountered a non-application exception; nested exception is: 
	&lt;openjpa-2.4.0-r422266:1674604 fatal general error&gt; org.apache.openjpa.persistence.PersistenceException: Table &apos;lab.owner&apos; doesn&apos;t exist {prepstmnt 2000410491 SELECT t0.onwerID, t0.birthDate, t0.gender, t0.ownerName FROM owner t0} [code=1146, state=42S02]
FailedObject: SELECT s FROM Owner s [java.lang.String]" type="javax.ejb.EJBException">javax.ejb.EJBException: The bean encountered a non-application exception; nested exception is: 
	&lt;openjpa-2.4.0-r422266:1674604 fatal general error&gt; org.apache.openjpa.persistence.PersistenceException: Table &apos;lab.owner&apos; doesn&apos;t exist {prepstmnt 2000410491 SELECT t0.onwerID, t0.birthDate, t0.gender, t0.ownerName FROM owner t0} [code=1146, state=42S02]
FailedObject: SELECT s FROM Owner s [java.lang.String]
	at org.apache.openejb.core.ivm.BaseEjbProxyHandler.convertException(BaseEjbProxyHandler.java:427)
	at org.apache.openejb.core.ivm.BaseEjbProxyHandler.invoke(BaseEjbProxyHandler.java:329)
	at report.crud.OwnerBean$$LocalBeanProxy.readingOwnerAll(report/crud/OwnerBean.java)
	at polsl.pl.Testing.before(Testing.java:83)
	at sun.reflect.NativeMethodAccessorImpl.invoke0(Native Method)
	at sun.reflect.NativeMethodAccessorImpl.invoke(NativeMethodAccessorImpl.java:62)
	at sun.reflect.DelegatingMethodAccessorImpl.invoke(DelegatingMethodAccessorImpl.java:43)
	at java.lang.reflect.Method.invoke(Method.java:498)
	at org.junit.runners.model.FrameworkMethod$1.runReflectiveCall(FrameworkMethod.java:50)
	at org.junit.internal.runners.model.ReflectiveCallable.run(ReflectiveCallable.java:12)
	at org.junit.runners.model.FrameworkMethod.invokeExplosively(FrameworkMethod.java:47)
	at org.junit.internal.runners.statements.RunBefores.evaluate(RunBefores.java:24)
	at org.junit.internal.runners.statements.RunAfters.evaluate(RunAfters.java:27)
	at org.junit.runners.ParentRunner.runLeaf(ParentRunner.java:325)
	at org.junit.runners.BlockJUnit4ClassRunner.runChild(BlockJUnit4ClassRunner.java:78)
	at org.junit.runners.BlockJUnit4ClassRunner.runChild(BlockJUnit4ClassRunner.java:57)
	at org.junit.runners.ParentRunner$3.run(ParentRunner.java:290)
	at org.junit.runners.ParentRunner$1.schedule(ParentRunner.java:71)
	at org.junit.runners.ParentRunner.runChildren(ParentRunner.java:288)
	at org.junit.runners.ParentRunner.access$000(ParentRunner.java:58)
	at org.junit.runners.ParentRunner$2.evaluate(ParentRunner.java:268)
	at org.junit.internal.runners.statements.RunBefores.evaluate(RunBefores.java:26)
	at org.junit.runners.ParentRunner.run(ParentRunner.java:363)
	at org.apache.maven.surefire.junit4.JUnit4TestSet.execute(JUnit4TestSet.java:53)
	at org.apache.maven.surefire.junit4.JUnit4Provider.executeTestSet(JUnit4Provider.java:123)
	at org.apache.maven.surefire.junit4.JUnit4Provider.invoke(JUnit4Provider.java:104)
	at sun.reflect.NativeMethodAccessorImpl.invoke0(Native Method)
	at sun.reflect.NativeMethodAccessorImpl.invoke(NativeMethodAccessorImpl.java:62)
	at sun.reflect.DelegatingMethodAccessorImpl.invoke(DelegatingMethodAccessorImpl.java:43)
	at java.lang.reflect.Method.invoke(Method.java:498)
	at org.apache.maven.surefire.util.ReflectionUtils.invokeMethodWithArray(ReflectionUtils.java:164)
	at org.apache.maven.surefire.booter.ProviderFactory$ProviderProxy.invoke(ProviderFactory.java:110)
	at org.apache.maven.surefire.booter.SurefireStarter.invokeProvider(SurefireStarter.java:175)
	at org.apache.maven.surefire.booter.SurefireStarter.runSuitesInProcessWhenForked(SurefireStarter.java:107)
	at org.apache.maven.surefire.booter.ForkedBooter.main(ForkedBooter.java:68)
Caused by: &lt;openjpa-2.4.0-r422266:1674604 fatal general error&gt; org.apache.openjpa.persistence.PersistenceException: Table &apos;lab.owner&apos; doesn&apos;t exist {prepstmnt 2000410491 SELECT t0.onwerID, t0.birthDate, t0.gender, t0.ownerName FROM owner t0} [code=1146, state=42S02]
FailedObject: SELECT s FROM Owner s [java.lang.String]
	at org.apache.openjpa.jdbc.sql.DBDictionary.narrow(DBDictionary.java:5001)
	at org.apache.openjpa.jdbc.sql.DBDictionary.newStoreException(DBDictionary.java:4961)
	at org.apache.openjpa.jdbc.sql.SQLExceptions.getStore(SQLExceptions.java:133)
	at org.apache.openjpa.jdbc.sql.SQLExceptions.getStore(SQLExceptions.java:115)
	at org.apache.openjpa.jdbc.sql.SQLExceptions.getStore(SQLExceptions.java:67)
	at org.apache.openjpa.jdbc.kernel.SelectResultObjectProvider.handleCheckedException(SelectResultObjectProvider.java:154)
	at org.apache.openjpa.lib.rop.EagerResultList.&lt;init&gt;(EagerResultList.java:39)
	at org.apache.openjpa.kernel.QueryImpl.toResult(QueryImpl.java:1250)
	at org.apache.openjpa.kernel.QueryImpl.execute(QueryImpl.java:1006)
	at org.apache.openjpa.kernel.QueryImpl.execute(QueryImpl.java:862)
	at org.apache.openjpa.kernel.QueryImpl.execute(QueryImpl.java:793)
	at org.apache.openjpa.kernel.DelegatingQuery.execute(DelegatingQuery.java:541)
	at org.apache.openjpa.persistence.QueryImpl.execute(QueryImpl.java:274)
	at org.apache.openjpa.persistence.QueryImpl.getResultList(QueryImpl.java:290)
	at report.crud.OwnerBean.readingOwnerAll(OwnerBean.java:107)
	at sun.reflect.NativeMethodAccessorImpl.invoke0(Native Method)
	at sun.reflect.NativeMethodAccessorImpl.invoke(NativeMethodAccessorImpl.java:62)
	at sun.reflect.DelegatingMethodAccessorImpl.invoke(DelegatingMethodAccessorImpl.java:43)
	at java.lang.reflect.Method.invoke(Method.java:498)
	at org.apache.openejb.core.interceptor.ReflectionInvocationContext$Invocation.invoke(ReflectionInvocationContext.java:192)
	at org.apache.openejb.core.interceptor.ReflectionInvocationContext.proceed(ReflectionInvocationContext.java:173)
	at org.apache.openejb.monitoring.StatsInterceptor.record(StatsInterceptor.java:181)
	at org.apache.openejb.monitoring.StatsInterceptor.invoke(StatsInterceptor.java:100)
	at sun.reflect.NativeMethodAccessorImpl.invoke0(Native Method)
	at sun.reflect.NativeMethodAccessorImpl.invoke(NativeMethodAccessorImpl.java:62)
	at sun.reflect.DelegatingMethodAccessorImpl.invoke(DelegatingMethodAccessorImpl.java:43)
	at java.lang.reflect.Method.invoke(Method.java:498)
	at org.apache.openejb.core.interceptor.ReflectionInvocationContext$Invocation.invoke(ReflectionInvocationContext.java:192)
	at org.apache.openejb.core.interceptor.ReflectionInvocationContext.proceed(ReflectionInvocationContext.java:173)
	at org.apache.openejb.core.interceptor.InterceptorStack.invoke(InterceptorStack.java:85)
	at org.apache.openejb.core.stateless.StatelessContainer._invoke(StatelessContainer.java:227)
	at org.apache.openejb.core.stateless.StatelessContainer.invoke(StatelessContainer.java:194)
	at org.apache.openejb.core.ivm.EjbObjectProxyHandler.synchronizedBusinessMethod(EjbObjectProxyHandler.java:317)
	at org.apache.openejb.core.ivm.EjbObjectProxyHandler.businessMethod(EjbObjectProxyHandler.java:312)
	at org.apache.openejb.core.ivm.EjbObjectProxyHandler._invoke(EjbObjectProxyHandler.java:92)
	at org.apache.openejb.core.ivm.BaseEjbProxyHandler.invoke(BaseEjbProxyHandler.java:325)
	... 33 more
Caused by: org.apache.openjpa.lib.jdbc.ReportingSQLException: Table &apos;lab.owner&apos; doesn&apos;t exist {prepstmnt 2000410491 SELECT t0.onwerID, t0.birthDate, t0.gender, t0.ownerName FROM owner t0} [code=1146, state=42S02]
	at org.apache.openjpa.lib.jdbc.LoggingConnectionDecorator.wrap(LoggingConnectionDecorator.java:218)
	at org.apache.openjpa.lib.jdbc.LoggingConnectionDecorator.wrap(LoggingConnectionDecorator.java:202)
	at org.apache.openjpa.lib.jdbc.LoggingConnectionDecorator.access$700(LoggingConnectionDecorator.java:58)
	at org.apache.openjpa.lib.jdbc.LoggingConnectionDecorator$LoggingConnection$LoggingPreparedStatement.executeQuery(LoggingConnectionDecorator.java:1117)
	at org.apache.openjpa.lib.jdbc.DelegatingPreparedStatement.executeQuery(DelegatingPreparedStatement.java:268)
	at org.apache.openjpa.jdbc.kernel.JDBCStoreManager$CancelPreparedStatement.executeQuery(JDBCStoreManager.java:1800)
	at org.apache.openjpa.lib.jdbc.DelegatingPreparedStatement.executeQuery(DelegatingPreparedStatement.java:258)
	at org.apache.openjpa.jdbc.sql.SelectImpl.executeQuery(SelectImpl.java:500)
	at org.apache.openjpa.jdbc.sql.SelectImpl.execute(SelectImpl.java:425)
	at org.apache.openjpa.jdbc.sql.SelectImpl.execute(SelectImpl.java:392)
	at org.apache.openjpa.jdbc.sql.LogicalUnion$UnionSelect.execute(LogicalUnion.java:427)
	at org.apache.openjpa.jdbc.sql.LogicalUnion.execute(LogicalUnion.java:230)
	at org.apache.openjpa.jdbc.sql.LogicalUnion.execute(LogicalUnion.java:220)
	at org.apache.openjpa.jdbc.kernel.SelectResultObjectProvider.open(SelectResultObjectProvider.java:93)
	at org.apache.openjpa.lib.rop.EagerResultList.&lt;init&gt;(EagerResultList.java:33)
	... 62 more
</error>
    <system-out>严重 - EjbTransactionUtil.handleSystemException: Table &apos;lab.owner&apos; doesn&apos;t exist {prepstmnt 2000410491 SELECT t0.onwerID, t0.birthDate, t0.gender, t0.ownerName FROM owner t0} [code=1146, state=42S02]
&lt;openjpa-2.4.0-r422266:1674604 fatal general error&gt; org.apache.openjpa.persistence.PersistenceException: Table &apos;lab.owner&apos; doesn&apos;t exist {prepstmnt 2000410491 SELECT t0.onwerID, t0.birthDate, t0.gender, t0.ownerName FROM owner t0} [code=1146, state=42S02]
FailedObject: SELECT s FROM Owner s [java.lang.String]
	at org.apache.openjpa.jdbc.sql.DBDictionary.narrow(DBDictionary.java:5001)
	at org.apache.openjpa.jdbc.sql.DBDictionary.newStoreException(DBDictionary.java:4961)
	at org.apache.openjpa.jdbc.sql.SQLExceptions.getStore(SQLExceptions.java:133)
	at org.apache.openjpa.jdbc.sql.SQLExceptions.getStore(SQLExceptions.java:115)
	at org.apache.openjpa.jdbc.sql.SQLExceptions.getStore(SQLExceptions.java:67)
	at org.apache.openjpa.jdbc.kernel.SelectResultObjectProvider.handleCheckedException(SelectResultObjectProvider.java:154)
	at org.apache.openjpa.lib.rop.EagerResultList.&lt;init&gt;(EagerResultList.java:39)
	at org.apache.openjpa.kernel.QueryImpl.toResult(QueryImpl.java:1250)
	at org.apache.openjpa.kernel.QueryImpl.execute(QueryImpl.java:1006)
	at org.apache.openjpa.kernel.QueryImpl.execute(QueryImpl.java:862)
	at org.apache.openjpa.kernel.QueryImpl.execute(QueryImpl.java:793)
	at org.apache.openjpa.kernel.DelegatingQuery.execute(DelegatingQuery.java:541)
	at org.apache.openjpa.persistence.QueryImpl.execute(QueryImpl.java:274)
	at org.apache.openjpa.persistence.QueryImpl.getResultList(QueryImpl.java:290)
	at report.crud.OwnerBean.readingOwnerAll(OwnerBean.java:107)
	at sun.reflect.NativeMethodAccessorImpl.invoke0(Native Method)
	at sun.reflect.NativeMethodAccessorImpl.invoke(NativeMethodAccessorImpl.java:62)
	at sun.reflect.DelegatingMethodAccessorImpl.invoke(DelegatingMethodAccessorImpl.java:43)
	at java.lang.reflect.Method.invoke(Method.java:498)
	at org.apache.openejb.core.interceptor.ReflectionInvocationContext$Invocation.invoke(ReflectionInvocationContext.java:192)
	at org.apache.openejb.core.interceptor.ReflectionInvocationContext.proceed(ReflectionInvocationContext.java:173)
	at org.apache.openejb.monitoring.StatsInterceptor.record(StatsInterceptor.java:181)
	at org.apache.openejb.monitoring.StatsInterceptor.invoke(StatsInterceptor.java:100)
	at sun.reflect.NativeMethodAccessorImpl.invoke0(Native Method)
	at sun.reflect.NativeMethodAccessorImpl.invoke(NativeMethodAccessorImpl.java:62)
	at sun.reflect.DelegatingMethodAccessorImpl.invoke(DelegatingMethodAccessorImpl.java:43)
	at java.lang.reflect.Method.invoke(Method.java:498)
	at org.apache.openejb.core.interceptor.ReflectionInvocationContext$Invocation.invoke(ReflectionInvocationContext.java:192)
	at org.apache.openejb.core.interceptor.ReflectionInvocationContext.proceed(ReflectionInvocationContext.java:173)
	at org.apache.openejb.core.interceptor.InterceptorStack.invoke(InterceptorStack.java:85)
	at org.apache.openejb.core.stateless.StatelessContainer._invoke(StatelessContainer.java:227)
	at org.apache.openejb.core.stateless.StatelessContainer.invoke(StatelessContainer.java:194)
	at org.apache.openejb.core.ivm.EjbObjectProxyHandler.synchronizedBusinessMethod(EjbObjectProxyHandler.java:317)
	at org.apache.openejb.core.ivm.EjbObjectProxyHandler.businessMethod(EjbObjectProxyHandler.java:312)
	at org.apache.openejb.core.ivm.EjbObjectProxyHandler._invoke(EjbObjectProxyHandler.java:92)
	at org.apache.openejb.core.ivm.BaseEjbProxyHandler.invoke(BaseEjbProxyHandler.java:325)
	at report.crud.OwnerBean$$LocalBeanProxy.readingOwnerAll(report/crud/OwnerBean.java)
	at polsl.pl.Testing.before(Testing.java:83)
	at sun.reflect.NativeMethodAccessorImpl.invoke0(Native Method)
	at sun.reflect.NativeMethodAccessorImpl.invoke(NativeMethodAccessorImpl.java:62)
	at sun.reflect.DelegatingMethodAccessorImpl.invoke(DelegatingMethodAccessorImpl.java:43)
	at java.lang.reflect.Method.invoke(Method.java:498)
	at org.junit.runners.model.FrameworkMethod$1.runReflectiveCall(FrameworkMethod.java:50)
	at org.junit.internal.runners.model.ReflectiveCallable.run(ReflectiveCallable.java:12)
	at org.junit.runners.model.FrameworkMethod.invokeExplosively(FrameworkMethod.java:47)
	at org.junit.internal.runners.statements.RunBefores.evaluate(RunBefores.java:24)
	at org.junit.internal.runners.statements.RunAfters.evaluate(RunAfters.java:27)
	at org.junit.runners.ParentRunner.runLeaf(ParentRunner.java:325)
	at org.junit.runners.BlockJUnit4ClassRunner.runChild(BlockJUnit4ClassRunner.java:78)
	at org.junit.runners.BlockJUnit4ClassRunner.runChild(BlockJUnit4ClassRunner.java:57)
	at org.junit.runners.ParentRunner$3.run(ParentRunner.java:290)
	at org.junit.runners.ParentRunner$1.schedule(ParentRunner.java:71)
	at org.junit.runners.ParentRunner.runChildren(ParentRunner.java:288)
	at org.junit.runners.ParentRunner.access$000(ParentRunner.java:58)
	at org.junit.runners.ParentRunner$2.evaluate(ParentRunner.java:268)
	at org.junit.internal.runners.statements.RunBefores.evaluate(RunBefores.java:26)
	at org.junit.runners.ParentRunner.run(ParentRunner.java:363)
	at org.apache.maven.surefire.junit4.JUnit4TestSet.execute(JUnit4TestSet.java:53)
	at org.apache.maven.surefire.junit4.JUnit4Provider.executeTestSet(JUnit4Provider.java:123)
	at org.apache.maven.surefire.junit4.JUnit4Provider.invoke(JUnit4Provider.java:104)
	at sun.reflect.NativeMethodAccessorImpl.invoke0(Native Method)
	at sun.reflect.NativeMethodAccessorImpl.invoke(NativeMethodAccessorImpl.java:62)
	at sun.reflect.DelegatingMethodAccessorImpl.invoke(DelegatingMethodAccessorImpl.java:43)
	at java.lang.reflect.Method.invoke(Method.java:498)
	at org.apache.maven.surefire.util.ReflectionUtils.invokeMethodWithArray(ReflectionUtils.java:164)
	at org.apache.maven.surefire.booter.ProviderFactory$ProviderProxy.invoke(ProviderFactory.java:110)
	at org.apache.maven.surefire.booter.SurefireStarter.invokeProvider(SurefireStarter.java:175)
	at org.apache.maven.surefire.booter.SurefireStarter.runSuitesInProcessWhenForked(SurefireStarter.java:107)
	at org.apache.maven.surefire.booter.ForkedBooter.main(ForkedBooter.java:68)
Caused by: org.apache.openjpa.lib.jdbc.ReportingSQLException: Table &apos;lab.owner&apos; doesn&apos;t exist {prepstmnt 2000410491 SELECT t0.onwerID, t0.birthDate, t0.gender, t0.ownerName FROM owner t0} [code=1146, state=42S02]
	at org.apache.openjpa.lib.jdbc.LoggingConnectionDecorator.wrap(LoggingConnectionDecorator.java:218)
	at org.apache.openjpa.lib.jdbc.LoggingConnectionDecorator.wrap(LoggingConnectionDecorator.java:202)
	at org.apache.openjpa.lib.jdbc.LoggingConnectionDecorator.access$700(LoggingConnectionDecorator.java:58)
	at org.apache.openjpa.lib.jdbc.LoggingConnectionDecorator$LoggingConnection$LoggingPreparedStatement.executeQuery(LoggingConnectionDecorator.java:1117)
	at org.apache.openjpa.lib.jdbc.DelegatingPreparedStatement.executeQuery(DelegatingPreparedStatement.java:268)
	at org.apache.openjpa.jdbc.kernel.JDBCStoreManager$CancelPreparedStatement.executeQuery(JDBCStoreManager.java:1800)
	at org.apache.openjpa.lib.jdbc.DelegatingPreparedStatement.executeQuery(DelegatingPreparedStatement.java:258)
	at org.apache.openjpa.jdbc.sql.SelectImpl.executeQuery(SelectImpl.java:500)
	at org.apache.openjpa.jdbc.sql.SelectImpl.execute(SelectImpl.java:425)
	at org.apache.openjpa.jdbc.sql.SelectImpl.execute(SelectImpl.java:392)
	at org.apache.openjpa.jdbc.sql.LogicalUnion$UnionSelect.execute(LogicalUnion.java:427)
	at org.apache.openjpa.jdbc.sql.LogicalUnion.execute(LogicalUnion.java:230)
	at org.apache.openjpa.jdbc.sql.LogicalUnion.execute(LogicalUnion.java:220)
	at org.apache.openjpa.jdbc.kernel.SelectResultObjectProvider.open(SelectResultObjectProvider.java:93)
	at org.apache.openjpa.lib.rop.EagerResultList.&lt;init&gt;(EagerResultList.java:33)
	... 62 more
NestedThrowables:
com.mysql.jdbc.exceptions.jdbc4.MySQLSyntaxErrorException: Table &apos;lab.owner&apos; doesn&apos;t exist
	at sun.reflect.NativeConstructorAccessorImpl.newInstance0(Native Method)
	at sun.reflect.NativeConstructorAccessorImpl.newInstance(NativeConstructorAccessorImpl.java:62)
	at sun.reflect.DelegatingConstructorAccessorImpl.newInstance(DelegatingConstructorAccessorImpl.java:45)
	at java.lang.reflect.Constructor.newInstance(Constructor.java:423)
	at com.mysql.jdbc.Util.handleNewInstance(Util.java:400)
	at com.mysql.jdbc.Util.getInstance(Util.java:383)
	at com.mysql.jdbc.SQLError.createSQLException(SQLError.java:980)
	at com.mysql.jdbc.MysqlIO.checkErrorPacket(MysqlIO.java:3847)
	at com.mysql.jdbc.MysqlIO.checkErrorPacket(MysqlIO.java:3783)
	at com.mysql.jdbc.MysqlIO.sendCommand(MysqlIO.java:2447)
	at com.mysql.jdbc.MysqlIO.sqlQueryDirect(MysqlIO.java:2594)
	at com.mysql.jdbc.ConnectionImpl.execSQL(ConnectionImpl.java:2545)
	at com.mysql.jdbc.PreparedStatement.executeInternal(PreparedStatement.java:1901)
	at com.mysql.jdbc.PreparedStatement.executeQuery(PreparedStatement.java:2002)
	at org.apache.commons.dbcp.DelegatingPreparedStatement.executeQuery(DelegatingPreparedStatement.java:96)
	at org.apache.commons.dbcp.DelegatingPreparedStatement.executeQuery(DelegatingPreparedStatement.java:96)
	at org.apache.openjpa.lib.jdbc.DelegatingPreparedStatement.executeQuery(DelegatingPreparedStatement.java:270)
	at org.apache.openjpa.lib.jdbc.LoggingConnectionDecorator$LoggingConnection$LoggingPreparedStatement.executeQuery(LoggingConnectionDecorator.java:1115)
	at org.apache.openjpa.lib.jdbc.DelegatingPreparedStatement.executeQuery(DelegatingPreparedStatement.java:268)
	at org.apache.openjpa.jdbc.kernel.JDBCStoreManager$CancelPreparedStatement.executeQuery(JDBCStoreManager.java:1800)
	at org.apache.openjpa.lib.jdbc.DelegatingPreparedStatement.executeQuery(DelegatingPreparedStatement.java:258)
	at org.apache.openjpa.jdbc.sql.SelectImpl.executeQuery(SelectImpl.java:500)
	at org.apache.openjpa.jdbc.sql.SelectImpl.execute(SelectImpl.java:425)
	at org.apache.openjpa.jdbc.sql.SelectImpl.execute(SelectImpl.java:392)
	at org.apache.openjpa.jdbc.sql.LogicalUnion$UnionSelect.execute(LogicalUnion.java:427)
	at org.apache.openjpa.jdbc.sql.LogicalUnion.execute(LogicalUnion.java:230)
	at org.apache.openjpa.jdbc.sql.LogicalUnion.execute(LogicalUnion.java:220)
	at org.apache.openjpa.jdbc.kernel.SelectResultObjectProvider.open(SelectResultObjectProvider.java:93)
	at org.apache.openjpa.lib.rop.EagerResultList.&lt;init&gt;(EagerResultList.java:33)
	at org.apache.openjpa.kernel.QueryImpl.toResult(QueryImpl.java:1250)
	at org.apache.openjpa.kernel.QueryImpl.execute(QueryImpl.java:1006)
	at org.apache.openjpa.kernel.QueryImpl.execute(QueryImpl.java:862)
	at org.apache.openjpa.kernel.QueryImpl.execute(QueryImpl.java:793)
	at org.apache.openjpa.kernel.DelegatingQuery.execute(DelegatingQuery.java:541)
	at org.apache.openjpa.persistence.QueryImpl.execute(QueryImpl.java:274)
	at org.apache.openjpa.persistence.QueryImpl.getResultList(QueryImpl.java:290)
	at report.crud.OwnerBean.readingOwnerAll(OwnerBean.java:107)
	at sun.reflect.NativeMethodAccessorImpl.invoke0(Native Method)
	at sun.reflect.NativeMethodAccessorImpl.invoke(NativeMethodAccessorImpl.java:62)
	at sun.reflect.DelegatingMethodAccessorImpl.invoke(DelegatingMethodAccessorImpl.java:43)
	at java.lang.reflect.Method.invoke(Method.java:498)
	at org.apache.openejb.core.interceptor.ReflectionInvocationContext$Invocation.invoke(ReflectionInvocationContext.java:192)
	at org.apache.openejb.core.interceptor.ReflectionInvocationContext.proceed(ReflectionInvocationContext.java:173)
	at org.apache.openejb.monitoring.StatsInterceptor.record(StatsInterceptor.java:181)
	at org.apache.openejb.monitoring.StatsInterceptor.invoke(StatsInterceptor.java:100)
	at sun.reflect.NativeMethodAccessorImpl.invoke0(Native Method)
	at sun.reflect.NativeMethodAccessorImpl.invoke(NativeMethodAccessorImpl.java:62)
	at sun.reflect.DelegatingMethodAccessorImpl.invoke(DelegatingMethodAccessorImpl.java:43)
	at java.lang.reflect.Method.invoke(Method.java:498)
	at org.apache.openejb.core.interceptor.ReflectionInvocationContext$Invocation.invoke(ReflectionInvocationContext.java:192)
	at org.apache.openejb.core.interceptor.ReflectionInvocationContext.proceed(ReflectionInvocationContext.java:173)
	at org.apache.openejb.core.interceptor.InterceptorStack.invoke(InterceptorStack.java:85)
	at org.apache.openejb.core.stateless.StatelessContainer._invoke(StatelessContainer.java:227)
	at org.apache.openejb.core.stateless.StatelessContainer.invoke(StatelessContainer.java:194)
	at org.apache.openejb.core.ivm.EjbObjectProxyHandler.synchronizedBusinessMethod(EjbObjectProxyHandler.java:317)
	at org.apache.openejb.core.ivm.EjbObjectProxyHandler.businessMethod(EjbObjectProxyHandler.java:312)
	at org.apache.openejb.core.ivm.EjbObjectProxyHandler._invoke(EjbObjectProxyHandler.java:92)
	at org.apache.openejb.core.ivm.BaseEjbProxyHandler.invoke(BaseEjbProxyHandler.java:325)
	at report.crud.OwnerBean$$LocalBeanProxy.readingOwnerAll(report/crud/OwnerBean.java)
	at polsl.pl.Testing.before(Testing.java:83)
	at sun.reflect.NativeMethodAccessorImpl.invoke0(Native Method)
	at sun.reflect.NativeMethodAccessorImpl.invoke(NativeMethodAccessorImpl.java:62)
	at sun.reflect.DelegatingMethodAccessorImpl.invoke(DelegatingMethodAccessorImpl.java:43)
	at java.lang.reflect.Method.invoke(Method.java:498)
	at org.junit.runners.model.FrameworkMethod$1.runReflectiveCall(FrameworkMethod.java:50)
	at org.junit.internal.runners.model.ReflectiveCallable.run(ReflectiveCallable.java:12)
	at org.junit.runners.model.FrameworkMethod.invokeExplosively(FrameworkMethod.java:47)
	at org.junit.internal.runners.statements.RunBefores.evaluate(RunBefores.java:24)
	at org.junit.internal.runners.statements.RunAfters.evaluate(RunAfters.java:27)
	at org.junit.runners.ParentRunner.runLeaf(ParentRunner.java:325)
	at org.junit.runners.BlockJUnit4ClassRunner.runChild(BlockJUnit4ClassRunner.java:78)
	at org.junit.runners.BlockJUnit4ClassRunner.runChild(BlockJUnit4ClassRunner.java:57)
	at org.junit.runners.ParentRunner$3.run(ParentRunner.java:290)
	at org.junit.runners.ParentRunner$1.schedule(ParentRunner.java:71)
	at org.junit.runners.ParentRunner.runChildren(ParentRunner.java:288)
	at org.junit.runners.ParentRunner.access$000(ParentRunner.java:58)
	at org.junit.runners.ParentRunner$2.evaluate(ParentRunner.java:268)
	at org.junit.internal.runners.statements.RunBefores.evaluate(RunBefores.java:26)
	at org.junit.runners.ParentRunner.run(ParentRunner.java:363)
	at org.apache.maven.surefire.junit4.JUnit4TestSet.execute(JUnit4TestSet.java:53)
	at org.apache.maven.surefire.junit4.JUnit4Provider.executeTestSet(JUnit4Provider.java:123)
	at org.apache.maven.surefire.junit4.JUnit4Provider.invoke(JUnit4Provider.java:104)
	at sun.reflect.NativeMethodAccessorImpl.invoke0(Native Method)
	at sun.reflect.NativeMethodAccessorImpl.invoke(NativeMethodAccessorImpl.java:62)
	at sun.reflect.DelegatingMethodAccessorImpl.invoke(DelegatingMethodAccessorImpl.java:43)
	at java.lang.reflect.Method.invoke(Method.java:498)
	at org.apache.maven.surefire.util.ReflectionUtils.invokeMethodWithArray(ReflectionUtils.java:164)
	at org.apache.maven.surefire.booter.ProviderFactory$ProviderProxy.invoke(ProviderFactory.java:110)
	at org.apache.maven.surefire.booter.SurefireStarter.invokeProvider(SurefireStarter.java:175)
	at org.apache.maven.surefire.booter.SurefireStarter.runSuitesInProcessWhenForked(SurefireStarter.java:107)
	at org.apache.maven.surefire.booter.ForkedBooter.main(ForkedBooter.java:68)
严重 - EjbTransactionUtil.handleSystemException: Table &apos;lab.owner&apos; doesn&apos;t exist {prepstmnt 1921012072 SELECT t0.onwerID, t0.birthDate, t0.gender, t0.ownerName FROM owner t0} [code=1146, state=42S02]
&lt;openjpa-2.4.0-r422266:1674604 fatal general error&gt; org.apache.openjpa.persistence.PersistenceException: Table &apos;lab.owner&apos; doesn&apos;t exist {prepstmnt 1921012072 SELECT t0.onwerID, t0.birthDate, t0.gender, t0.ownerName FROM owner t0} [code=1146, state=42S02]
FailedObject: SELECT s FROM Owner s [java.lang.String]
	at org.apache.openjpa.jdbc.sql.DBDictionary.narrow(DBDictionary.java:5001)
	at org.apache.openjpa.jdbc.sql.DBDictionary.newStoreException(DBDictionary.java:4961)
	at org.apache.openjpa.jdbc.sql.SQLExceptions.getStore(SQLExceptions.java:133)
	at org.apache.openjpa.jdbc.sql.SQLExceptions.getStore(SQLExceptions.java:115)
	at org.apache.openjpa.jdbc.sql.SQLExceptions.getStore(SQLExceptions.java:67)
	at org.apache.openjpa.jdbc.kernel.SelectResultObjectProvider.handleCheckedException(SelectResultObjectProvider.java:154)
	at org.apache.openjpa.lib.rop.EagerResultList.&lt;init&gt;(EagerResultList.java:39)
	at org.apache.openjpa.kernel.QueryImpl.toResult(QueryImpl.java:1250)
	at org.apache.openjpa.kernel.QueryImpl.execute(QueryImpl.java:1006)
	at org.apache.openjpa.kernel.QueryImpl.execute(QueryImpl.java:862)
	at org.apache.openjpa.kernel.QueryImpl.execute(QueryImpl.java:793)
	at org.apache.openjpa.kernel.DelegatingQuery.execute(DelegatingQuery.java:541)
	at org.apache.openjpa.persistence.QueryImpl.execute(QueryImpl.java:274)
	at org.apache.openjpa.persistence.QueryImpl.getResultList(QueryImpl.java:290)
	at report.crud.OwnerBean.readingOwnerAll(OwnerBean.java:107)
	at sun.reflect.NativeMethodAccessorImpl.invoke0(Native Method)
	at sun.reflect.NativeMethodAccessorImpl.invoke(NativeMethodAccessorImpl.java:62)
	at sun.reflect.DelegatingMethodAccessorImpl.invoke(DelegatingMethodAccessorImpl.java:43)
	at java.lang.reflect.Method.invoke(Method.java:498)
	at org.apache.openejb.core.interceptor.ReflectionInvocationContext$Invocation.invoke(ReflectionInvocationContext.java:192)
	at org.apache.openejb.core.interceptor.ReflectionInvocationContext.proceed(ReflectionInvocationContext.java:173)
	at org.apache.openejb.monitoring.StatsInterceptor.record(StatsInterceptor.java:181)
	at org.apache.openejb.monitoring.StatsInterceptor.invoke(StatsInterceptor.java:100)
	at sun.reflect.NativeMethodAccessorImpl.invoke0(Native Method)
	at sun.reflect.NativeMethodAccessorImpl.invoke(NativeMethodAccessorImpl.java:62)
	at sun.reflect.DelegatingMethodAccessorImpl.invoke(DelegatingMethodAccessorImpl.java:43)
	at java.lang.reflect.Method.invoke(Method.java:498)
	at org.apache.openejb.core.interceptor.ReflectionInvocationContext$Invocation.invoke(ReflectionInvocationContext.java:192)
	at org.apache.openejb.core.interceptor.ReflectionInvocationContext.proceed(ReflectionInvocationContext.java:173)
	at org.apache.openejb.core.interceptor.InterceptorStack.invoke(InterceptorStack.java:85)
	at org.apache.openejb.core.stateless.StatelessContainer._invoke(StatelessContainer.java:227)
	at org.apache.openejb.core.stateless.StatelessContainer.invoke(StatelessContainer.java:194)
	at org.apache.openejb.core.ivm.EjbObjectProxyHandler.synchronizedBusinessMethod(EjbObjectProxyHandler.java:317)
	at org.apache.openejb.core.ivm.EjbObjectProxyHandler.businessMethod(EjbObjectProxyHandler.java:312)
	at org.apache.openejb.core.ivm.EjbObjectProxyHandler._invoke(EjbObjectProxyHandler.java:92)
	at org.apache.openejb.core.ivm.BaseEjbProxyHandler.invoke(BaseEjbProxyHandler.java:325)
	at report.crud.OwnerBean$$LocalBeanProxy.readingOwnerAll(report/crud/OwnerBean.java)
	at polsl.pl.Testing.after(Testing.java:150)
	at sun.reflect.NativeMethodAccessorImpl.invoke0(Native Method)
	at sun.reflect.NativeMethodAccessorImpl.invoke(NativeMethodAccessorImpl.java:62)
	at sun.reflect.DelegatingMethodAccessorImpl.invoke(DelegatingMethodAccessorImpl.java:43)
	at java.lang.reflect.Method.invoke(Method.java:498)
	at org.junit.runners.model.FrameworkMethod$1.runReflectiveCall(FrameworkMethod.java:50)
	at org.junit.internal.runners.model.ReflectiveCallable.run(ReflectiveCallable.java:12)
	at org.junit.runners.model.FrameworkMethod.invokeExplosively(FrameworkMethod.java:47)
	at org.junit.internal.runners.statements.RunAfters.evaluate(RunAfters.java:33)
	at org.junit.runners.ParentRunner.runLeaf(ParentRunner.java:325)
	at org.junit.runners.BlockJUnit4ClassRunner.runChild(BlockJUnit4ClassRunner.java:78)
	at org.junit.runners.BlockJUnit4ClassRunner.runChild(BlockJUnit4ClassRunner.java:57)
	at org.junit.runners.ParentRunner$3.run(ParentRunner.java:290)
	at org.junit.runners.ParentRunner$1.schedule(ParentRunner.java:71)
	at org.junit.runners.ParentRunner.runChildren(ParentRunner.java:288)
	at org.junit.runners.ParentRunner.access$000(ParentRunner.java:58)
	at org.junit.runners.ParentRunner$2.evaluate(ParentRunner.java:268)
	at org.junit.internal.runners.statements.RunBefores.evaluate(RunBefores.java:26)
	at org.junit.runners.ParentRunner.run(ParentRunner.java:363)
	at org.apache.maven.surefire.junit4.JUnit4TestSet.execute(JUnit4TestSet.java:53)
	at org.apache.maven.surefire.junit4.JUnit4Provider.executeTestSet(JUnit4Provider.java:123)
	at org.apache.maven.surefire.junit4.JUnit4Provider.invoke(JUnit4Provider.java:104)
	at sun.reflect.NativeMethodAccessorImpl.invoke0(Native Method)
	at sun.reflect.NativeMethodAccessorImpl.invoke(NativeMethodAccessorImpl.java:62)
	at sun.reflect.DelegatingMethodAccessorImpl.invoke(DelegatingMethodAccessorImpl.java:43)
	at java.lang.reflect.Method.invoke(Method.java:498)
	at org.apache.maven.surefire.util.ReflectionUtils.invokeMethodWithArray(ReflectionUtils.java:164)
	at org.apache.maven.surefire.booter.ProviderFactory$ProviderProxy.invoke(ProviderFactory.java:110)
	at org.apache.maven.surefire.booter.SurefireStarter.invokeProvider(SurefireStarter.java:175)
	at org.apache.maven.surefire.booter.SurefireStarter.runSuitesInProcessWhenForked(SurefireStarter.java:107)
	at org.apache.maven.surefire.booter.ForkedBooter.main(ForkedBooter.java:68)
Caused by: org.apache.openjpa.lib.jdbc.ReportingSQLException: Table &apos;lab.owner&apos; doesn&apos;t exist {prepstmnt 1921012072 SELECT t0.onwerID, t0.birthDate, t0.gender, t0.ownerName FROM owner t0} [code=1146, state=42S02]
	at org.apache.openjpa.lib.jdbc.LoggingConnectionDecorator.wrap(LoggingConnectionDecorator.java:218)
	at org.apache.openjpa.lib.jdbc.LoggingConnectionDecorator.wrap(LoggingConnectionDecorator.java:202)
	at org.apache.openjpa.lib.jdbc.LoggingConnectionDecorator.access$700(LoggingConnectionDecorator.java:58)
	at org.apache.openjpa.lib.jdbc.LoggingConnectionDecorator$LoggingConnection$LoggingPreparedStatement.executeQuery(LoggingConnectionDecorator.java:1117)
	at org.apache.openjpa.lib.jdbc.DelegatingPreparedStatement.executeQuery(DelegatingPreparedStatement.java:268)
	at org.apache.openjpa.jdbc.kernel.JDBCStoreManager$CancelPreparedStatement.executeQuery(JDBCStoreManager.java:1800)
	at org.apache.openjpa.lib.jdbc.DelegatingPreparedStatement.executeQuery(DelegatingPreparedStatement.java:258)
	at org.apache.openjpa.jdbc.sql.SelectImpl.executeQuery(SelectImpl.java:500)
	at org.apache.openjpa.jdbc.sql.SelectImpl.execute(SelectImpl.java:425)
	at org.apache.openjpa.jdbc.sql.SelectImpl.execute(SelectImpl.java:392)
	at org.apache.openjpa.jdbc.sql.LogicalUnion$UnionSelect.execute(LogicalUnion.java:427)
	at org.apache.openjpa.jdbc.sql.LogicalUnion.execute(LogicalUnion.java:230)
	at org.apache.openjpa.jdbc.sql.LogicalUnion.execute(LogicalUnion.java:220)
	at org.apache.openjpa.jdbc.kernel.SelectResultObjectProvider.open(SelectResultObjectProvider.java:93)
	at org.apache.openjpa.lib.rop.EagerResultList.&lt;init&gt;(EagerResultList.java:33)
	... 61 more
NestedThrowables:
com.mysql.jdbc.exceptions.jdbc4.MySQLSyntaxErrorException: Table &apos;lab.owner&apos; doesn&apos;t exist
	at sun.reflect.NativeConstructorAccessorImpl.newInstance0(Native Method)
	at sun.reflect.NativeConstructorAccessorImpl.newInstance(NativeConstructorAccessorImpl.java:62)
	at sun.reflect.DelegatingConstructorAccessorImpl.newInstance(DelegatingConstructorAccessorImpl.java:45)
	at java.lang.reflect.Constructor.newInstance(Constructor.java:423)
	at com.mysql.jdbc.Util.handleNewInstance(Util.java:400)
	at com.mysql.jdbc.Util.getInstance(Util.java:383)
	at com.mysql.jdbc.SQLError.createSQLException(SQLError.java:980)
	at com.mysql.jdbc.MysqlIO.checkErrorPacket(MysqlIO.java:3847)
	at com.mysql.jdbc.MysqlIO.checkErrorPacket(MysqlIO.java:3783)
	at com.mysql.jdbc.MysqlIO.sendCommand(MysqlIO.java:2447)
	at com.mysql.jdbc.MysqlIO.sqlQueryDirect(MysqlIO.java:2594)
	at com.mysql.jdbc.ConnectionImpl.execSQL(ConnectionImpl.java:2545)
	at com.mysql.jdbc.PreparedStatement.executeInternal(PreparedStatement.java:1901)
	at com.mysql.jdbc.PreparedStatement.executeQuery(PreparedStatement.java:2002)
	at org.apache.commons.dbcp.DelegatingPreparedStatement.executeQuery(DelegatingPreparedStatement.java:96)
	at org.apache.commons.dbcp.DelegatingPreparedStatement.executeQuery(DelegatingPreparedStatement.java:96)
	at org.apache.openjpa.lib.jdbc.DelegatingPreparedStatement.executeQuery(DelegatingPreparedStatement.java:270)
	at org.apache.openjpa.lib.jdbc.LoggingConnectionDecorator$LoggingConnection$LoggingPreparedStatement.executeQuery(LoggingConnectionDecorator.java:1115)
	at org.apache.openjpa.lib.jdbc.DelegatingPreparedStatement.executeQuery(DelegatingPreparedStatement.java:268)
	at org.apache.openjpa.jdbc.kernel.JDBCStoreManager$CancelPreparedStatement.executeQuery(JDBCStoreManager.java:1800)
	at org.apache.openjpa.lib.jdbc.DelegatingPreparedStatement.executeQuery(DelegatingPreparedStatement.java:258)
	at org.apache.openjpa.jdbc.sql.SelectImpl.executeQuery(SelectImpl.java:500)
	at org.apache.openjpa.jdbc.sql.SelectImpl.execute(SelectImpl.java:425)
	at org.apache.openjpa.jdbc.sql.SelectImpl.execute(SelectImpl.java:392)
	at org.apache.openjpa.jdbc.sql.LogicalUnion$UnionSelect.execute(LogicalUnion.java:427)
	at org.apache.openjpa.jdbc.sql.LogicalUnion.execute(LogicalUnion.java:230)
	at org.apache.openjpa.jdbc.sql.LogicalUnion.execute(LogicalUnion.java:220)
	at org.apache.openjpa.jdbc.kernel.SelectResultObjectProvider.open(SelectResultObjectProvider.java:93)
	at org.apache.openjpa.lib.rop.EagerResultList.&lt;init&gt;(EagerResultList.java:33)
	at org.apache.openjpa.kernel.QueryImpl.toResult(QueryImpl.java:1250)
	at org.apache.openjpa.kernel.QueryImpl.execute(QueryImpl.java:1006)
	at org.apache.openjpa.kernel.QueryImpl.execute(QueryImpl.java:862)
	at org.apache.openjpa.kernel.QueryImpl.execute(QueryImpl.java:793)
	at org.apache.openjpa.kernel.DelegatingQuery.execute(DelegatingQuery.java:541)
	at org.apache.openjpa.persistence.QueryImpl.execute(QueryImpl.java:274)
	at org.apache.openjpa.persistence.QueryImpl.getResultList(QueryImpl.java:290)
	at report.crud.OwnerBean.readingOwnerAll(OwnerBean.java:107)
	at sun.reflect.NativeMethodAccessorImpl.invoke0(Native Method)
[...]
	at org.junit.runners.BlockJUnit4ClassRunner.runChild(BlockJUnit4ClassRunner.java:78)
	at org.junit.runners.BlockJUnit4ClassRunner.runChild(BlockJUnit4ClassRunner.java:57)
	at org.junit.runners.ParentRunner$3.run(ParentRunner.java:290)
	at org.junit.runners.ParentRunner$1.schedule(ParentRunner.java:71)
	at org.junit.runners.ParentRunner.runChildren(ParentRunner.java:288)
	at org.junit.runners.ParentRunner.access$000(ParentRunner.java:58)
	at org.junit.runners.ParentRunner$2.evaluate(ParentRunner.java:268)
	at org.junit.internal.runners.statements.RunBefores.evaluate(RunBefores.java:26)
	at org.junit.runners.ParentRunner.run(ParentRunner.java:363)
	at org.apache.maven.surefire.junit4.JUnit4TestSet.execute(JUnit4TestSet.java:53)
	at org.apache.maven.surefire.junit4.JUnit4Provider.executeTestSet(JUnit4Provider.java:123)
	at org.apache.maven.surefire.junit4.JUnit4Provider.invoke(JUnit4Provider.java:104)
	at sun.reflect.NativeMethodAccessorImpl.invoke0(Native Method)
	at sun.reflect.NativeMethodAccessorImpl.invoke(NativeMethodAccessorImpl.java:62)
	at sun.reflect.DelegatingMethodAccessorImpl.invoke(DelegatingMethodAccessorImpl.java:43)
	at java.lang.reflect.Method.invoke(Method.java:498)
	at org.apache.maven.surefire.util.ReflectionUtils.invokeMethodWithArray(ReflectionUtils.java:164)
	at org.apache.maven.surefire.booter.ProviderFactory$ProviderProxy.invoke(ProviderFactory.java:110)
	at org.apache.maven.surefire.booter.SurefireStarter.invokeProvider(SurefireStarter.java:175)
	at org.apache.maven.surefire.booter.SurefireStarter.runSuitesInProcessWhenForked(SurefireStarter.java:107)
	at org.apache.maven.surefire.booter.ForkedBooter.main(ForkedBooter.java:68)
Caused by: org.apache.openjpa.lib.jdbc.ReportingSQLException: Table &apos;lab.owner&apos; doesn&apos;t exist {prepstmnt 1682157864 SELECT t0.onwerID, t0.birthDate, t0.gender, t0.ownerName FROM owner t0} [code=1146, state=42S02]
	at org.apache.openjpa.lib.jdbc.LoggingConnectionDecorator.wrap(LoggingConnectionDecorator.java:218)
	at org.apache.openjpa.lib.jdbc.LoggingConnectionDecorator.wrap(LoggingConnectionDecorator.java:202)
	at org.apache.openjpa.lib.jdbc.LoggingConnectionDecorator.access$700(LoggingConnectionDecorator.java:58)
	at org.apache.openjpa.lib.jdbc.LoggingConnectionDecorator$LoggingConnection$LoggingPreparedStatement.executeQuery(LoggingConnectionDecorator.java:1117)
	at org.apache.openjpa.lib.jdbc.DelegatingPreparedStatement.executeQuery(DelegatingPreparedStatement.java:268)
	at org.apache.openjpa.jdbc.kernel.JDBCStoreManager$CancelPreparedStatement.executeQuery(JDBCStoreManager.java:1800)
	at org.apache.openjpa.lib.jdbc.DelegatingPreparedStatement.executeQuery(DelegatingPreparedStatement.java:258)
	at org.apache.openjpa.jdbc.sql.SelectImpl.executeQuery(SelectImpl.java:500)
	at org.apache.openjpa.jdbc.sql.SelectImpl.execute(SelectImpl.java:425)
	at org.apache.openjpa.jdbc.sql.SelectImpl.execute(SelectImpl.java:392)
	at org.apache.openjpa.jdbc.sql.LogicalUnion$UnionSelect.execute(LogicalUnion.java:427)
	at org.apache.openjpa.jdbc.sql.LogicalUnion.execute(LogicalUnion.java:230)
	at org.apache.openjpa.jdbc.sql.LogicalUnion.execute(LogicalUnion.java:220)
	at org.apache.openjpa.jdbc.kernel.SelectResultObjectProvider.open(SelectResultObjectProvider.java:93)
	at org.apache.openjpa.lib.rop.EagerResultList.&lt;init&gt;(EagerResultList.java:33)
	... 61 more
NestedThrowables:
com.mysql.jdbc.exceptions.jdbc4.MySQLSyntaxErrorException: Table &apos;lab.owner&apos; doesn&apos;t exist
	at sun.reflect.NativeConstructorAccessorImpl.newInstance0(Native Method)
	at sun.reflect.NativeConstructorAccessorImpl.newInstance(NativeConstructorAccessorImpl.java:62)
	at sun.reflect.DelegatingConstructorAccessorImpl.newInstance(DelegatingConstructorAccessorImpl.java:45)
	at java.lang.reflect.Constructor.newInstance(Constructor.java:423)
	at com.mysql.jdbc.Util.handleNewInstance(Util.java:400)
	at com.mysql.jdbc.Util.getInstance(Util.java:383)
	at com.mysql.jdbc.SQLError.createSQLException(SQLError.java:980)
	at com.mysql.jdbc.MysqlIO.checkErrorPacket(MysqlIO.java:3847)
	at com.mysql.jdbc.MysqlIO.checkErrorPacket(MysqlIO.java:3783)
	at com.mysql.jdbc.MysqlIO.sendCommand(MysqlIO.java:2447)
	at com.mysql.jdbc.MysqlIO.sqlQueryDirect(MysqlIO.java:2594)
	at com.mysql.jdbc.ConnectionImpl.execSQL(ConnectionImpl.java:2545)
	at com.mysql.jdbc.PreparedStatement.executeInternal(PreparedStatement.java:1901)
	at com.mysql.jdbc.PreparedStatement.executeQuery(PreparedStatement.java:2002)
	at org.apache.commons.dbcp.DelegatingPreparedStatement.executeQuery(DelegatingPreparedStatement.java:96)
	at org.apache.commons.dbcp.DelegatingPreparedStatement.executeQuery(DelegatingPreparedStatement.java:96)
	at org.apache.openjpa.lib.jdbc.DelegatingPreparedStatement.executeQuery(DelegatingPreparedStatement.java:270)
	at org.apache.openjpa.lib.jdbc.LoggingConnectionDecorator$LoggingConnection$LoggingPreparedStatement.executeQuery(LoggingConnectionDecorator.java:1115)
	at org.apache.openjpa.lib.jdbc.DelegatingPreparedStatement.executeQuery(DelegatingPreparedStatement.java:268)
	at org.apache.openjpa.jdbc.kernel.JDBCStoreManager$CancelPreparedStatement.executeQuery(JDBCStoreManager.java:1800)
	at org.apache.openjpa.lib.jdbc.DelegatingPreparedStatement.executeQuery(DelegatingPreparedStatement.java:258)
	at org.apache.openjpa.jdbc.sql.SelectImpl.executeQuery(SelectImpl.java:500)
	at org.apache.openjpa.jdbc.sql.SelectImpl.execute(SelectImpl.java:425)
	at org.apache.openjpa.jdbc.sql.SelectImpl.execute(SelectImpl.java:392)
	at org.apache.openjpa.jdbc.sql.LogicalUnion$UnionSelect.execute(LogicalUnion.java:427)
	at org.apache.openjpa.jdbc.sql.LogicalUnion.execute(LogicalUnion.java:230)
	at org.apache.openjpa.jdbc.sql.LogicalUnion.execute(LogicalUnion.java:220)
	at org.apache.openjpa.jdbc.kernel.SelectResultObjectProvider.open(SelectResultObjectProvider.java:93)
	at org.apache.openjpa.lib.rop.EagerResultList.&lt;init&gt;(EagerResultList.java:33)
	at org.apache.openjpa.kernel.QueryImpl.toResult(QueryImpl.java:1250)
	at org.apache.openjpa.kernel.QueryImpl.execute(QueryImpl.java:1006)
	at org.apache.openjpa.kernel.QueryImpl.execute(QueryImpl.java:862)
	at org.apache.openjpa.kernel.QueryImpl.execute(QueryImpl.java:793)
	at org.apache.openjpa.kernel.DelegatingQuery.execute(DelegatingQuery.java:541)
	at org.apache.openjpa.persistence.QueryImpl.execute(QueryImpl.java:274)
	at org.apache.openjpa.persistence.QueryImpl.getResultList(QueryImpl.java:290)
	at report.crud.OwnerBean.readingOwnerAll(OwnerBean.java:107)
	at sun.reflect.NativeMethodAccessorImpl.invoke0(Native Method)
	at sun.reflect.NativeMethodAccessorImpl.invoke(NativeMethodAccessorImpl.java:62)
	at sun.reflect.DelegatingMethodAccessorImpl.invoke(DelegatingMethodAccessorImpl.java:43)
	at java.lang.reflect.Method.invoke(Method.java:498)
	at org.apache.openejb.core.interceptor.ReflectionInvocationContext$Invocation.invoke(ReflectionInvocationContext.java:192)
	at org.apache.openejb.core.interceptor.ReflectionInvocationContext.proceed(ReflectionInvocationContext.java:173)
	at org.apache.openejb.monitoring.StatsInterceptor.record(StatsInterceptor.java:181)
	at org.apache.openejb.monitoring.StatsInterceptor.invoke(StatsInterceptor.java:100)
	at sun.reflect.NativeMethodAccessorImpl.invoke0(Native Method)
	at sun.reflect.NativeMethodAccessorImpl.invoke(NativeMethodAccessorImpl.java:62)
	at sun.reflect.DelegatingMethodAccessorImpl.invoke(DelegatingMethodAccessorImpl.java:43)
	at java.lang.reflect.Method.invoke(Method.java:498)
	at org.apache.openejb.core.interceptor.ReflectionInvocationContext$Invocation.invoke(ReflectionInvocationContext.java:192)
	at org.apache.openejb.core.interceptor.ReflectionInvocationContext.proceed(ReflectionInvocationContext.java:173)
	at org.apache.openejb.core.interceptor.InterceptorStack.invoke(InterceptorStack.java:85)
	at org.apache.openejb.core.stateless.StatelessContainer._invoke(StatelessContainer.java:227)
	at org.apache.openejb.core.stateless.StatelessContainer.invoke(StatelessContainer.java:194)
	at org.apache.openejb.core.ivm.EjbObjectProxyHandler.synchronizedBusinessMethod(EjbObjectProxyHandler.java:317)
	at org.apache.openejb.core.ivm.EjbObjectProxyHandler.businessMethod(EjbObjectProxyHandler.java:312)
	at org.apache.openejb.core.ivm.EjbObjectProxyHandler._invoke(EjbObjectProxyHandler.java:92)
	at org.apache.openejb.core.ivm.BaseEjbProxyHandler.invoke(BaseEjbProxyHandler.java:325)
	at report.crud.OwnerBean$$LocalBeanProxy.readingOwnerAll(report/crud/OwnerBean.java)
	at polsl.pl.Testing.after(Testing.java:150)
	at sun.reflect.NativeMethodAccessorImpl.invoke0(Native Method)
	at sun.reflect.NativeMethodAccessorImpl.invoke(NativeMethodAccessorImpl.java:62)
	at sun.reflect.DelegatingMethodAccessorImpl.invoke(DelegatingMethodAccessorImpl.java:43)
	at java.lang.reflect.Method.invoke(Method.java:498)
	at org.junit.runners.model.FrameworkMethod$1.runReflectiveCall(FrameworkMethod.java:50)
	at org.junit.internal.runners.model.ReflectiveCallable.run(ReflectiveCallable.java:12)
	at org.junit.runners.model.FrameworkMethod.invokeExplosively(FrameworkMethod.java:47)
	at org.junit.internal.runners.statements.RunAfters.evaluate(RunAfters.java:33)
	at org.junit.runners.ParentRunner.runLeaf(ParentRunner.java:325)
	at org.junit.runners.BlockJUnit4ClassRunner.runChild(BlockJUnit4ClassRunner.java:78)
	at org.junit.runners.BlockJUnit4ClassRunner.runChild(BlockJUnit4ClassRunner.java:57)
	at org.junit.runners.ParentRunner$3.run(ParentRunner.java:290)
	at org.junit.runners.ParentRunner$1.schedule(ParentRunner.java:71)
	at org.junit.runners.ParentRunner.runChildren(ParentRunner.java:288)
	at org.junit.runners.ParentRunner.access$000(ParentRunner.java:58)
	at org.junit.runners.ParentRunner$2.evaluate(ParentRunner.java:268)
	at org.junit.internal.runners.statements.RunBefores.evaluate(RunBefores.java:26)
	at org.junit.runners.ParentRunner.run(ParentRunner.java:363)
	at org.apache.maven.surefire.junit4.JUnit4TestSet.execute(JUnit4TestSet.java:53)
	at org.apache.maven.surefire.junit4.JUnit4Provider.executeTestSet(JUnit4Provider.java:123)
	at org.apache.maven.surefire.junit4.JUnit4Provider.invoke(JUnit4Provider.java:104)
	at sun.reflect.NativeMethodAccessorImpl.invoke0(Native Method)
	at sun.reflect.NativeMethodAccessorImpl.invoke(NativeMethodAccessorImpl.java:62)
	at sun.reflect.DelegatingMethodAccessorImpl.invoke(DelegatingMethodAccessorImpl.java:43)
	at java.lang.reflect.Method.invoke(Method.java:498)
	at org.apache.maven.surefire.util.ReflectionUtils.invokeMethodWithArray(ReflectionUtils.java:164)
	at org.apache.maven.surefire.booter.ProviderFactory$ProviderProxy.invoke(ProviderFactory.java:110)
	at org.apache.maven.surefire.booter.SurefireStarter.invokeProvider(SurefireStarter.java:175)
	at org.apache.maven.surefire.booter.SurefireStarter.runSuitesInProcessWhenForked(SurefireStarter.java:107)
	at org.apache.maven.surefire.booter.ForkedBooter.main(ForkedBooter.java:68)
</system-out>
  </testcase>
  <testcase classname="polsl.pl.Testing" name="updating" time="0.014">
    <error message="The bean encountered a non-application exception; nested exception is: 
	&lt;openjpa-2.4.0-r422266:1674604 fatal general error&gt; org.apache.openjpa.persistence.PersistenceException: Table &apos;lab.owner&apos; doesn&apos;t exist {prepstmnt 1682157864 SELECT t0.onwerID, t0.birthDate, t0.gender, t0.ownerName FROM owner t0} [code=1146, state=42S02]
FailedObject: SELECT s FROM Owner s [java.lang.String]" type="javax.ejb.EJBException">javax.ejb.EJBException: The bean encountered a non-application exception; nested exception is: 
	&lt;openjpa-2.4.0-r422266:1674604 fatal general error&gt; org.apache.openjpa.persistence.PersistenceException: Table &apos;lab.owner&apos; doesn&apos;t exist {prepstmnt 1682157864 SELECT t0.onwerID, t0.birthDate, t0.gender, t0.ownerName FROM owner t0} [code=1146, state=42S02]
FailedObject: SELECT s FROM Owner s [java.lang.String]
	at org.apache.openejb.core.ivm.BaseEjbProxyHandler.convertException(BaseEjbProxyHandler.java:427)
	at org.apache.openejb.core.ivm.BaseEjbProxyHandler.invoke(BaseEjbProxyHandler.java:329)
	at report.crud.OwnerBean$$LocalBeanProxy.readingOwnerAll(report/crud/OwnerBean.java)
	at polsl.pl.Testing.after(Testing.java:150)
	at sun.reflect.NativeMethodAccessorImpl.invoke0(Native Method)
	at sun.reflect.NativeMethodAccessorImpl.invoke(NativeMethodAccessorImpl.java:62)
	at sun.reflect.DelegatingMethodAccessorImpl.invoke(DelegatingMethodAccessorImpl.java:43)
	at java.lang.reflect.Method.invoke(Method.java:498)
	at org.junit.runners.model.FrameworkMethod$1.runReflectiveCall(FrameworkMethod.java:50)
	at org.junit.internal.runners.model.ReflectiveCallable.run(ReflectiveCallable.java:12)
	at org.junit.runners.model.FrameworkMethod.invokeExplosively(FrameworkMethod.java:47)
	at org.junit.internal.runners.statements.RunAfters.evaluate(RunAfters.java:33)
	at org.junit.runners.ParentRunner.runLeaf(ParentRunner.java:325)
	at org.junit.runners.BlockJUnit4ClassRunner.runChild(BlockJUnit4ClassRunner.java:78)
	at org.junit.runners.BlockJUnit4ClassRunner.runChild(BlockJUnit4ClassRunner.java:57)
	at org.junit.runners.ParentRunner$3.run(ParentRunner.java:290)
	at org.junit.runners.ParentRunner$1.schedule(ParentRunner.java:71)
	at org.junit.runners.ParentRunner.runChildren(ParentRunner.java:288)
	at org.junit.runners.ParentRunner.access$000(ParentRunner.java:58)
	at org.junit.runners.ParentRunner$2.evaluate(ParentRunner.java:268)
	at org.junit.internal.runners.statements.RunBefores.evaluate(RunBefores.java:26)
	at org.junit.runners.ParentRunner.run(ParentRunner.java:363)
	at org.apache.maven.surefire.junit4.JUnit4TestSet.execute(JUnit4TestSet.java:53)
	at org.apache.maven.surefire.junit4.JUnit4Provider.executeTestSet(JUnit4Provider.java:123)
	at org.apache.maven.surefire.junit4.JUnit4Provider.invoke(JUnit4Provider.java:104)
	at sun.reflect.NativeMethodAccessorImpl.invoke0(Native Method)
	at sun.reflect.NativeMethodAccessorImpl.invoke(NativeMethodAccessorImpl.java:62)
	at sun.reflect.DelegatingMethodAccessorImpl.invoke(DelegatingMethodAccessorImpl.java:43)
	at java.lang.reflect.Method.invoke(Method.java:498)
	at org.apache.maven.surefire.util.ReflectionUtils.invokeMethodWithArray(ReflectionUtils.java:164)
	at org.apache.maven.surefire.booter.ProviderFactory$ProviderProxy.invoke(ProviderFactory.java:110)
	at org.apache.maven.surefire.booter.SurefireStarter.invokeProvider(SurefireStarter.java:175)
	at org.apache.maven.surefire.booter.SurefireStarter.runSuitesInProcessWhenForked(SurefireStarter.java:107)
	at org.apache.maven.surefire.booter.ForkedBooter.main(ForkedBooter.java:68)
Caused by: &lt;openjpa-2.4.0-r422266:1674604 fatal general error&gt; org.apache.openjpa.persistence.PersistenceException: Table &apos;lab.owner&apos; doesn&apos;t exist {prepstmnt 1682157864 SELECT t0.onwerID, t0.birthDate, t0.gender, t0.ownerName FROM owner t0} [code=1146, state=42S02]
FailedObject: SELECT s FROM Owner s [java.lang.String]
	at org.apache.openjpa.jdbc.sql.DBDictionary.narrow(DBDictionary.java:5001)
	at org.apache.openjpa.jdbc.sql.DBDictionary.newStoreException(DBDictionary.java:4961)
	at org.apache.openjpa.jdbc.sql.SQLExceptions.getStore(SQLExceptions.java:133)
	at org.apache.openjpa.jdbc.sql.SQLExceptions.getStore(SQLExceptions.java:115)
	at org.apache.openjpa.jdbc.sql.SQLExceptions.getStore(SQLExceptions.java:67)
	at org.apache.openjpa.jdbc.kernel.SelectResultObjectProvider.handleCheckedException(SelectResultObjectProvider.java:154)
	at org.apache.openjpa.lib.rop.EagerResultList.&lt;init&gt;(EagerResultList.java:39)
	at org.apache.openjpa.kernel.QueryImpl.toResult(QueryImpl.java:1250)
	at org.apache.openjpa.kernel.QueryImpl.execute(QueryImpl.java:1006)
	at org.apache.openjpa.kernel.QueryImpl.execute(QueryImpl.java:862)
	at org.apache.openjpa.kernel.QueryImpl.execute(QueryImpl.java:793)
	at org.apache.openjpa.kernel.DelegatingQuery.execute(DelegatingQuery.java:541)
	at org.apache.openjpa.persistence.QueryImpl.execute(QueryImpl.java:274)
	at org.apache.openjpa.persistence.QueryImpl.getResultList(QueryImpl.java:290)
	at report.crud.OwnerBean.readingOwnerAll(OwnerBean.java:107)
	at sun.reflect.NativeMethodAccessorImpl.invoke0(Native Method)
	at sun.reflect.NativeMethodAccessorImpl.invoke(NativeMethodAccessorImpl.java:62)
	at sun.reflect.DelegatingMethodAccessorImpl.invoke(DelegatingMethodAccessorImpl.java:43)
	at java.lang.reflect.Method.invoke(Method.java:498)
	at org.apache.openejb.core.interceptor.ReflectionInvocationContext$Invocation.invoke(ReflectionInvocationContext.java:192)
	at org.apache.openejb.core.interceptor.ReflectionInvocationContext.proceed(ReflectionInvocationContext.java:173)
	at org.apache.openejb.monitoring.StatsInterceptor.record(StatsInterceptor.java:181)
	at org.apache.openejb.monitoring.StatsInterceptor.invoke(StatsInterceptor.java:100)
	at sun.reflect.NativeMethodAccessorImpl.invoke0(Native Method)
	at sun.reflect.NativeMethodAccessorImpl.invoke(NativeMethodAccessorImpl.java:62)
	at sun.reflect.DelegatingMethodAccessorImpl.invoke(DelegatingMethodAccessorImpl.java:43)
	at java.lang.reflect.Method.invoke(Method.java:498)
	at org.apache.openejb.core.interceptor.ReflectionInvocationContext$Invocation.invoke(ReflectionInvocationContext.java:192)
	at org.apache.openejb.core.interceptor.ReflectionInvocationContext.proceed(ReflectionInvocationContext.java:173)
	at org.apache.openejb.core.interceptor.InterceptorStack.invoke(InterceptorStack.java:85)
	at org.apache.openejb.core.stateless.StatelessContainer._invoke(StatelessContainer.java:227)
	at org.apache.openejb.core.stateless.StatelessContainer.invoke(StatelessContainer.java:194)
	at org.apache.openejb.core.ivm.EjbObjectProxyHandler.synchronizedBusinessMethod(EjbObjectProxyHandler.java:317)
	at org.apache.openejb.core.ivm.EjbObjectProxyHandler.businessMethod(EjbObjectProxyHandler.java:312)
	at org.apache.openejb.core.ivm.EjbObjectProxyHandler._invoke(EjbObjectProxyHandler.java:92)
	at org.apache.openejb.core.ivm.BaseEjbProxyHandler.invoke(BaseEjbProxyHandler.java:325)
	... 32 more
Caused by: org.apache.openjpa.lib.jdbc.ReportingSQLException: Table &apos;lab.owner&apos; doesn&apos;t exist {prepstmnt 1682157864 SELECT t0.onwerID, t0.birthDate, t0.gender, t0.ownerName FROM owner t0} [code=1146, state=42S02]
	at org.apache.openjpa.lib.jdbc.LoggingConnectionDecorator.wrap(LoggingConnectionDecorator.java:218)
	at org.apache.openjpa.lib.jdbc.LoggingConnectionDecorator.wrap(LoggingConnectionDecorator.java:202)
	at org.apache.openjpa.lib.jdbc.LoggingConnectionDecorator.access$700(LoggingConnectionDecorator.java:58)
	at org.apache.openjpa.lib.jdbc.LoggingConnectionDecorator$LoggingConnection$LoggingPreparedStatement.executeQuery(LoggingConnectionDecorator.java:1117)
	at org.apache.openjpa.lib.jdbc.DelegatingPreparedStatement.executeQuery(DelegatingPreparedStatement.java:268)
	at org.apache.openjpa.jdbc.kernel.JDBCStoreManager$CancelPreparedStatement.executeQuery(JDBCStoreManager.java:1800)
	at org.apache.openjpa.lib.jdbc.DelegatingPreparedStatement.executeQuery(DelegatingPreparedStatement.java:258)
	at org.apache.openjpa.jdbc.sql.SelectImpl.executeQuery(SelectImpl.java:500)
	at org.apache.openjpa.jdbc.sql.SelectImpl.execute(SelectImpl.java:425)
	at org.apache.openjpa.jdbc.sql.SelectImpl.execute(SelectImpl.java:392)
	at org.apache.openjpa.jdbc.sql.LogicalUnion$UnionSelect.execute(LogicalUnion.java:427)
	at org.apache.openjpa.jdbc.sql.LogicalUnion.execute(LogicalUnion.java:230)
	at org.apache.openjpa.jdbc.sql.LogicalUnion.execute(LogicalUnion.java:220)
	at org.apache.openjpa.jdbc.kernel.SelectResultObjectProvider.open(SelectResultObjectProvider.java:93)
	at org.apache.openjpa.lib.rop.EagerResultList.&lt;init&gt;(EagerResultList.java:33)
	... 61 more
</error>
  </testcase>
</testsuite>